{"/mnt/c/Users/Kyle Ady/Documents/git/Mock20/Functions/API_Events/On.js":{"path":"/mnt/c/Users/Kyle Ady/Documents/git/Mock20/Functions/API_Events/On.js","statementMap":{"0":{"start":{"line":6,"column":0},"end":{"line":6,"column":33}},"1":{"start":{"line":7,"column":16},"end":{"line":7,"column":18}},"2":{"start":{"line":9,"column":0},"end":{"line":17,"column":2}},"3":{"start":{"line":10,"column":2},"end":{"line":10,"column":95}},"4":{"start":{"line":10,"column":36},"end":{"line":10,"column":95}},"5":{"start":{"line":11,"column":2},"end":{"line":11,"column":94}},"6":{"start":{"line":11,"column":37},"end":{"line":11,"column":94}},"7":{"start":{"line":12,"column":2},"end":{"line":16,"column":3}},"8":{"start":{"line":13,"column":4},"end":{"line":13,"column":38}},"9":{"start":{"line":15,"column":4},"end":{"line":15,"column":40}},"10":{"start":{"line":19,"column":0},"end":{"line":25,"column":2}},"11":{"start":{"line":20,"column":2},"end":{"line":24,"column":3}},"12":{"start":{"line":21,"column":4},"end":{"line":23,"column":5}},"13":{"start":{"line":22,"column":6},"end":{"line":22,"column":26}}},"fnMap":{"0":{"name":"(anonymous_0)","decl":{"start":{"line":9,"column":17},"end":{"line":9,"column":18}},"loc":{"start":{"line":9,"column":48},"end":{"line":17,"column":1}},"line":9},"1":{"name":"(anonymous_1)","decl":{"start":{"line":19,"column":23},"end":{"line":19,"column":24}},"loc":{"start":{"line":19,"column":55},"end":{"line":25,"column":1}},"line":19}},"branchMap":{"0":{"loc":{"start":{"line":10,"column":2},"end":{"line":10,"column":95}},"type":"if","locations":[{"start":{"line":10,"column":2},"end":{"line":10,"column":95}},{"start":{"line":10,"column":2},"end":{"line":10,"column":95}}],"line":10},"1":{"loc":{"start":{"line":11,"column":2},"end":{"line":11,"column":94}},"type":"if","locations":[{"start":{"line":11,"column":2},"end":{"line":11,"column":94}},{"start":{"line":11,"column":2},"end":{"line":11,"column":94}}],"line":11},"2":{"loc":{"start":{"line":12,"column":2},"end":{"line":16,"column":3}},"type":"if","locations":[{"start":{"line":12,"column":2},"end":{"line":16,"column":3}},{"start":{"line":12,"column":2},"end":{"line":16,"column":3}}],"line":12},"3":{"loc":{"start":{"line":20,"column":2},"end":{"line":24,"column":3}},"type":"if","locations":[{"start":{"line":20,"column":2},"end":{"line":24,"column":3}},{"start":{"line":20,"column":2},"end":{"line":24,"column":3}}],"line":20}},"s":{"0":1,"1":1,"2":1,"3":38,"4":0,"5":38,"6":0,"7":38,"8":21,"9":17,"10":1,"11":715,"12":263,"13":713},"f":{"0":38,"1":715},"b":{"0":[0,38],"1":[0,38],"2":[21,17],"3":[263,452]},"_coverageSchema":"332fd63041d2c1bcb487cc26dd0d5f7d97098a6c","hash":"95b0cdef63b52fc70cac89281a2000f8e9545ca6","contentHash":"df5d5ca6178ec1627d33594df1eea226_11.1.0"},"/mnt/c/Users/Kyle Ady/Documents/git/Mock20/Mock20_Output.js":{"path":"/mnt/c/Users/Kyle Ady/Documents/git/Mock20/Mock20_Output.js","statementMap":{"0":{"start":{"line":1,"column":0},"end":{"line":5,"column":2}},"1":{"start":{"line":2,"column":2},"end":{"line":4,"column":3}},"2":{"start":{"line":3,"column":4},"end":{"line":3,"column":39}},"3":{"start":{"line":7,"column":0},"end":{"line":13,"column":2}},"4":{"start":{"line":8,"column":2},"end":{"line":12,"column":3}},"5":{"start":{"line":9,"column":4},"end":{"line":9,"column":41}},"6":{"start":{"line":11,"column":4},"end":{"line":11,"column":21}}},"fnMap":{"0":{"name":"(anonymous_0)","decl":{"start":{"line":1,"column":23},"end":{"line":1,"column":24}},"loc":{"start":{"line":1,"column":47},"end":{"line":5,"column":1}},"line":1},"1":{"name":"(anonymous_1)","decl":{"start":{"line":7,"column":19},"end":{"line":7,"column":20}},"loc":{"start":{"line":7,"column":55},"end":{"line":13,"column":1}},"line":7}},"branchMap":{"0":{"loc":{"start":{"line":2,"column":2},"end":{"line":4,"column":3}},"type":"if","locations":[{"start":{"line":2,"column":2},"end":{"line":4,"column":3}},{"start":{"line":2,"column":2},"end":{"line":4,"column":3}}],"line":2},"1":{"loc":{"start":{"line":8,"column":2},"end":{"line":12,"column":3}},"type":"if","locations":[{"start":{"line":8,"column":2},"end":{"line":12,"column":3}},{"start":{"line":8,"column":2},"end":{"line":12,"column":3}}],"line":8}},"s":{"0":1,"1":230,"2":230,"3":1,"4":231,"5":230,"6":1},"f":{"0":230,"1":231},"b":{"0":[230,0],"1":[230,1]},"_coverageSchema":"332fd63041d2c1bcb487cc26dd0d5f7d97098a6c","hash":"0174526390f46075763ae7c65420601bbef3f9ac","contentHash":"cb1d7c4d9cb0e4919c8aabf033f1e311_11.1.0"},"/mnt/c/Users/Kyle Ady/Documents/git/Mock20/Functions/API_Objects/CreateObj.js":{"path":"/mnt/c/Users/Kyle Ady/Documents/git/Mock20/Functions/API_Objects/CreateObj.js","statementMap":{"0":{"start":{"line":2,"column":11},"end":{"line":2,"column":47}},"1":{"start":{"line":3,"column":14},"end":{"line":3,"column":47}},"2":{"start":{"line":4,"column":0},"end":{"line":4,"column":33}},"3":{"start":{"line":5,"column":16},"end":{"line":16,"column":1}},"4":{"start":{"line":18,"column":0},"end":{"line":30,"column":2}},"5":{"start":{"line":19,"column":2},"end":{"line":19,"column":59}},"6":{"start":{"line":19,"column":46},"end":{"line":19,"column":59}},"7":{"start":{"line":20,"column":2},"end":{"line":22,"column":3}},"8":{"start":{"line":21,"column":4},"end":{"line":21,"column":75}},"9":{"start":{"line":24,"column":2},"end":{"line":27,"column":3}},"10":{"start":{"line":25,"column":4},"end":{"line":25,"column":72}},"11":{"start":{"line":26,"column":4},"end":{"line":26,"column":11}},"12":{"start":{"line":29,"column":2},"end":{"line":29,"column":48}}},"fnMap":{"0":{"name":"(anonymous_0)","decl":{"start":{"line":18,"column":17},"end":{"line":18,"column":18}},"loc":{"start":{"line":18,"column":54},"end":{"line":30,"column":1}},"line":18}},"branchMap":{"0":{"loc":{"start":{"line":19,"column":2},"end":{"line":19,"column":59}},"type":"if","locations":[{"start":{"line":19,"column":2},"end":{"line":19,"column":59}},{"start":{"line":19,"column":2},"end":{"line":19,"column":59}}],"line":19},"1":{"loc":{"start":{"line":19,"column":6},"end":{"line":19,"column":44}},"type":"binary-expr","locations":[{"start":{"line":19,"column":6},"end":{"line":19,"column":14}},{"start":{"line":19,"column":18},"end":{"line":19,"column":44}}],"line":19},"2":{"loc":{"start":{"line":20,"column":2},"end":{"line":22,"column":3}},"type":"if","locations":[{"start":{"line":20,"column":2},"end":{"line":22,"column":3}},{"start":{"line":20,"column":2},"end":{"line":22,"column":3}}],"line":20},"3":{"loc":{"start":{"line":20,"column":6},"end":{"line":20,"column":96}},"type":"binary-expr","locations":[{"start":{"line":20,"column":6},"end":{"line":20,"column":29}},{"start":{"line":20,"column":34},"end":{"line":20,"column":50}},{"start":{"line":20,"column":54},"end":{"line":20,"column":77}},{"start":{"line":20,"column":82},"end":{"line":20,"column":96}}],"line":20},"4":{"loc":{"start":{"line":24,"column":2},"end":{"line":27,"column":3}},"type":"if","locations":[{"start":{"line":24,"column":2},"end":{"line":27,"column":3}},{"start":{"line":24,"column":2},"end":{"line":27,"column":3}}],"line":24},"5":{"loc":{"start":{"line":24,"column":6},"end":{"line":24,"column":49}},"type":"binary-expr","locations":[{"start":{"line":24,"column":6},"end":{"line":24,"column":16}},{"start":{"line":24,"column":20},"end":{"line":24,"column":49}}],"line":24}},"s":{"0":1,"1":1,"2":1,"3":1,"4":1,"5":197,"6":97,"7":197,"8":9,"9":188,"10":1,"11":1,"12":187},"f":{"0":197},"b":{"0":[97,100],"1":[197,100],"2":[9,188],"3":[197,197,107,189],"4":[1,187],"5":[188,162]},"_coverageSchema":"332fd63041d2c1bcb487cc26dd0d5f7d97098a6c","hash":"a2e1ddb4e0b3617f179c509b92889ade15031b36","contentHash":"60aa5c3317e7a7e165cdb00ea198887a_11.1.0"},"/mnt/c/Users/Kyle Ady/Documents/git/Mock20/Mock20_ObjectBank.js":{"path":"/mnt/c/Users/Kyle Ady/Documents/git/Mock20/Mock20_ObjectBank.js","statementMap":{"0":{"start":{"line":1,"column":0},"end":{"line":1,"column":37}},"1":{"start":{"line":5,"column":4},"end":{"line":5,"column":24}},"2":{"start":{"line":9,"column":13},"end":{"line":9,"column":41}},"3":{"start":{"line":10,"column":14},"end":{"line":10,"column":39}},"4":{"start":{"line":11,"column":15},"end":{"line":11,"column":31}},"5":{"start":{"line":12,"column":4},"end":{"line":12,"column":37}},"6":{"start":{"line":12,"column":30},"end":{"line":12,"column":37}},"7":{"start":{"line":13,"column":4},"end":{"line":13,"column":57}},"8":{"start":{"line":13,"column":32},"end":{"line":13,"column":57}},"9":{"start":{"line":14,"column":4},"end":{"line":14,"column":22}},"10":{"start":{"line":15,"column":4},"end":{"line":15,"column":49}},"11":{"start":{"line":15,"column":33},"end":{"line":15,"column":49}},"12":{"start":{"line":16,"column":4},"end":{"line":16,"column":25}},"13":{"start":{"line":17,"column":4},"end":{"line":17,"column":38}},"14":{"start":{"line":18,"column":4},"end":{"line":18,"column":15}},"15":{"start":{"line":22,"column":4},"end":{"line":24,"column":5}},"16":{"start":{"line":23,"column":6},"end":{"line":23,"column":28}},"17":{"start":{"line":28,"column":4},"end":{"line":28,"column":47}},"18":{"start":{"line":28,"column":40},"end":{"line":28,"column":47}},"19":{"start":{"line":29,"column":14},"end":{"line":29,"column":28}},"20":{"start":{"line":30,"column":4},"end":{"line":32,"column":5}},"21":{"start":{"line":31,"column":6},"end":{"line":31,"column":57}},"22":{"start":{"line":31,"column":33},"end":{"line":31,"column":57}},"23":{"start":{"line":33,"column":4},"end":{"line":33,"column":42}},"24":{"start":{"line":34,"column":4},"end":{"line":34,"column":26}},"25":{"start":{"line":38,"column":4},"end":{"line":47,"column":5}},"26":{"start":{"line":39,"column":6},"end":{"line":41,"column":7}},"27":{"start":{"line":40,"column":19},"end":{"line":40,"column":48}},"28":{"start":{"line":42,"column":6},"end":{"line":45,"column":7}},"29":{"start":{"line":43,"column":8},"end":{"line":43,"column":42}},"30":{"start":{"line":44,"column":8},"end":{"line":44,"column":21}},"31":{"start":{"line":46,"column":6},"end":{"line":46,"column":71}},"32":{"start":{"line":49,"column":4},"end":{"line":49,"column":16}},"33":{"start":{"line":53,"column":11},"end":{"line":53,"column":27}},"34":{"start":{"line":54,"column":0},"end":{"line":54,"column":22}}},"fnMap":{"0":{"name":"(anonymous_0)","decl":{"start":{"line":4,"column":2},"end":{"line":4,"column":3}},"loc":{"start":{"line":4,"column":16},"end":{"line":6,"column":3}},"line":4},"1":{"name":"(anonymous_1)","decl":{"start":{"line":8,"column":2},"end":{"line":8,"column":3}},"loc":{"start":{"line":8,"column":28},"end":{"line":19,"column":3}},"line":8},"2":{"name":"(anonymous_2)","decl":{"start":{"line":21,"column":2},"end":{"line":21,"column":3}},"loc":{"start":{"line":21,"column":16},"end":{"line":25,"column":3}},"line":21},"3":{"name":"(anonymous_3)","decl":{"start":{"line":27,"column":2},"end":{"line":27,"column":3}},"loc":{"start":{"line":27,"column":28},"end":{"line":35,"column":3}},"line":27},"4":{"name":"(anonymous_4)","decl":{"start":{"line":37,"column":2},"end":{"line":37,"column":3}},"loc":{"start":{"line":37,"column":17},"end":{"line":50,"column":3}},"line":37}},"branchMap":{"0":{"loc":{"start":{"line":12,"column":4},"end":{"line":12,"column":37}},"type":"if","locations":[{"start":{"line":12,"column":4},"end":{"line":12,"column":37}},{"start":{"line":12,"column":4},"end":{"line":12,"column":37}}],"line":12},"1":{"loc":{"start":{"line":13,"column":4},"end":{"line":13,"column":57}},"type":"if","locations":[{"start":{"line":13,"column":4},"end":{"line":13,"column":57}},{"start":{"line":13,"column":4},"end":{"line":13,"column":57}}],"line":13},"2":{"loc":{"start":{"line":15,"column":4},"end":{"line":15,"column":49}},"type":"if","locations":[{"start":{"line":15,"column":4},"end":{"line":15,"column":49}},{"start":{"line":15,"column":4},"end":{"line":15,"column":49}}],"line":15},"3":{"loc":{"start":{"line":22,"column":4},"end":{"line":24,"column":5}},"type":"if","locations":[{"start":{"line":22,"column":4},"end":{"line":24,"column":5}},{"start":{"line":22,"column":4},"end":{"line":24,"column":5}}],"line":22},"4":{"loc":{"start":{"line":28,"column":4},"end":{"line":28,"column":47}},"type":"if","locations":[{"start":{"line":28,"column":4},"end":{"line":28,"column":47}},{"start":{"line":28,"column":4},"end":{"line":28,"column":47}}],"line":28},"5":{"loc":{"start":{"line":28,"column":8},"end":{"line":28,"column":38}},"type":"binary-expr","locations":[{"start":{"line":28,"column":8},"end":{"line":28,"column":19}},{"start":{"line":28,"column":23},"end":{"line":28,"column":38}}],"line":28},"6":{"loc":{"start":{"line":30,"column":4},"end":{"line":32,"column":5}},"type":"if","locations":[{"start":{"line":30,"column":4},"end":{"line":32,"column":5}},{"start":{"line":30,"column":4},"end":{"line":32,"column":5}}],"line":30},"7":{"loc":{"start":{"line":31,"column":6},"end":{"line":31,"column":57}},"type":"if","locations":[{"start":{"line":31,"column":6},"end":{"line":31,"column":57}},{"start":{"line":31,"column":6},"end":{"line":31,"column":57}}],"line":31},"8":{"loc":{"start":{"line":38,"column":4},"end":{"line":47,"column":5}},"type":"if","locations":[{"start":{"line":38,"column":4},"end":{"line":47,"column":5}},{"start":{"line":38,"column":4},"end":{"line":47,"column":5}}],"line":38},"9":{"loc":{"start":{"line":39,"column":6},"end":{"line":41,"column":7}},"type":"if","locations":[{"start":{"line":39,"column":6},"end":{"line":41,"column":7}},{"start":{"line":39,"column":6},"end":{"line":41,"column":7}}],"line":39},"10":{"loc":{"start":{"line":39,"column":9},"end":{"line":39,"column":34}},"type":"binary-expr","locations":[{"start":{"line":39,"column":9},"end":{"line":39,"column":12}},{"start":{"line":39,"column":16},"end":{"line":39,"column":34}}],"line":39},"11":{"loc":{"start":{"line":42,"column":6},"end":{"line":45,"column":7}},"type":"if","locations":[{"start":{"line":42,"column":6},"end":{"line":45,"column":7}},{"start":{"line":42,"column":6},"end":{"line":45,"column":7}}],"line":42}},"s":{"0":1,"1":1,"2":187,"3":187,"4":187,"5":187,"6":1,"7":186,"8":111,"9":186,"10":186,"11":18,"12":186,"13":186,"14":186,"15":1567,"16":1567,"17":17,"18":1,"19":16,"20":16,"21":14,"22":5,"23":16,"24":16,"25":187,"26":19,"27":19,"28":19,"29":1,"30":1,"31":18,"32":186,"33":1,"34":1},"f":{"0":1,"1":187,"2":1567,"3":17,"4":187},"b":{"0":[1,186],"1":[111,75],"2":[18,168],"3":[1567,0],"4":[1,16],"5":[17,17],"6":[14,2],"7":[5,9],"8":[19,168],"9":[19,0],"10":[19,19],"11":[1,18]},"_coverageSchema":"332fd63041d2c1bcb487cc26dd0d5f7d97098a6c","hash":"fb6735f7f907e1e22088ccf9f7ffc42c68d38da9","contentHash":"dbc560dc9d72a69890fc50cb06f8df70_11.1.0"},"/mnt/c/Users/Kyle Ady/Documents/git/Mock20/Mock20_Objects.js":{"path":"/mnt/c/Users/Kyle Ady/Documents/git/Mock20/Mock20_Objects.js","statementMap":{"0":{"start":{"line":1,"column":12},"end":{"line":20,"column":1}},"1":{"start":{"line":22,"column":0},"end":{"line":24,"column":1}},"2":{"start":{"line":23,"column":2},"end":{"line":23,"column":61}}},"fnMap":{},"branchMap":{},"s":{"0":1,"1":1,"2":18},"f":{},"b":{},"_coverageSchema":"332fd63041d2c1bcb487cc26dd0d5f7d97098a6c","hash":"d6dcf58ad1381bbcee70142b3d189dcd88cdce46","contentHash":"b92da455155e9fdfb09a242c64a01d2e_11.1.0"},"/mnt/c/Users/Kyle Ady/Documents/git/Mock20/Objects/Mock20_ability.js":{"path":"/mnt/c/Users/Kyle Ady/Documents/git/Mock20/Objects/Mock20_ability.js","statementMap":{"0":{"start":{"line":1,"column":19},"end":{"line":1,"column":45}},"1":{"start":{"line":5,"column":15},"end":{"line":13,"column":5}},"2":{"start":{"line":14,"column":4},"end":{"line":14,"column":28}},"3":{"start":{"line":18,"column":0},"end":{"line":18,"column":31}}},"fnMap":{"0":{"name":"(anonymous_0)","decl":{"start":{"line":4,"column":2},"end":{"line":4,"column":3}},"loc":{"start":{"line":4,"column":26},"end":{"line":15,"column":3}},"line":4}},"branchMap":{},"s":{"0":1,"1":2,"2":2,"3":1},"f":{"0":2},"b":{},"_coverageSchema":"332fd63041d2c1bcb487cc26dd0d5f7d97098a6c","hash":"6090daf47ca4d11b7aa8226ed9d0c5e34e1c1f14","contentHash":"7ae423b0dbf29efe4374c706ba8caaac_11.1.0"},"/mnt/c/Users/Kyle Ady/Documents/git/Mock20/Objects/Mock20_object.js":{"path":"/mnt/c/Users/Kyle Ady/Documents/git/Mock20/Objects/Mock20_object.js","statementMap":{"0":{"start":{"line":1,"column":0},"end":{"line":1,"column":30}},"1":{"start":{"line":2,"column":0},"end":{"line":2,"column":40}},"2":{"start":{"line":3,"column":11},"end":{"line":3,"column":44}},"3":{"start":{"line":4,"column":16},"end":{"line":15,"column":1}},"4":{"start":{"line":19,"column":4},"end":{"line":21,"column":5}},"5":{"start":{"line":20,"column":6},"end":{"line":20,"column":34}},"6":{"start":{"line":25,"column":4},"end":{"line":25,"column":26}},"7":{"start":{"line":29,"column":4},"end":{"line":29,"column":37}},"8":{"start":{"line":35,"column":4},"end":{"line":38,"column":6}},"9":{"start":{"line":39,"column":4},"end":{"line":39,"column":24}},"10":{"start":{"line":40,"column":4},"end":{"line":44,"column":5}},"11":{"start":{"line":41,"column":6},"end":{"line":43,"column":7}},"12":{"start":{"line":42,"column":8},"end":{"line":42,"column":38}},"13":{"start":{"line":46,"column":4},"end":{"line":46,"column":30}},"14":{"start":{"line":50,"column":4},"end":{"line":50,"column":31}},"15":{"start":{"line":54,"column":4},"end":{"line":56,"column":5}},"16":{"start":{"line":55,"column":6},"end":{"line":55,"column":39}},"17":{"start":{"line":58,"column":4},"end":{"line":58,"column":89}},"18":{"start":{"line":62,"column":4},"end":{"line":68,"column":5}},"19":{"start":{"line":63,"column":6},"end":{"line":65,"column":7}},"20":{"start":{"line":64,"column":8},"end":{"line":64,"column":33}},"21":{"start":{"line":67,"column":6},"end":{"line":67,"column":13}},"22":{"start":{"line":70,"column":4},"end":{"line":73,"column":5}},"23":{"start":{"line":71,"column":6},"end":{"line":71,"column":60}},"24":{"start":{"line":72,"column":6},"end":{"line":72,"column":13}},"25":{"start":{"line":75,"column":4},"end":{"line":78,"column":5}},"26":{"start":{"line":76,"column":6},"end":{"line":76,"column":60}},"27":{"start":{"line":77,"column":6},"end":{"line":77,"column":13}},"28":{"start":{"line":80,"column":4},"end":{"line":83,"column":5}},"29":{"start":{"line":81,"column":6},"end":{"line":81,"column":91}},"30":{"start":{"line":82,"column":6},"end":{"line":82,"column":13}},"31":{"start":{"line":85,"column":4},"end":{"line":85,"column":49}},"32":{"start":{"line":89,"column":15},"end":{"line":89,"column":41}},"33":{"start":{"line":90,"column":4},"end":{"line":92,"column":5}},"34":{"start":{"line":91,"column":6},"end":{"line":91,"column":43}},"35":{"start":{"line":94,"column":4},"end":{"line":96,"column":5}},"36":{"start":{"line":95,"column":6},"end":{"line":95,"column":84}},"37":{"start":{"line":98,"column":4},"end":{"line":98,"column":65}},"38":{"start":{"line":99,"column":4},"end":{"line":99,"column":37}},"39":{"start":{"line":103,"column":4},"end":{"line":103,"column":28}},"40":{"start":{"line":104,"column":4},"end":{"line":107,"column":5}},"41":{"start":{"line":105,"column":6},"end":{"line":105,"column":72}},"42":{"start":{"line":106,"column":6},"end":{"line":106,"column":13}},"43":{"start":{"line":108,"column":4},"end":{"line":108,"column":53}},"44":{"start":{"line":112,"column":0},"end":{"line":112,"column":30}}},"fnMap":{"0":{"name":"(anonymous_0)","decl":{"start":{"line":18,"column":2},"end":{"line":18,"column":3}},"loc":{"start":{"line":18,"column":19},"end":{"line":22,"column":3}},"line":18},"1":{"name":"(anonymous_1)","decl":{"start":{"line":24,"column":2},"end":{"line":24,"column":3}},"loc":{"start":{"line":24,"column":16},"end":{"line":26,"column":3}},"line":24},"2":{"name":"(anonymous_2)","decl":{"start":{"line":28,"column":2},"end":{"line":28,"column":3}},"loc":{"start":{"line":28,"column":26},"end":{"line":30,"column":3}},"line":28},"3":{"name":"(anonymous_3)","decl":{"start":{"line":34,"column":2},"end":{"line":34,"column":3}},"loc":{"start":{"line":34,"column":32},"end":{"line":47,"column":3}},"line":34},"4":{"name":"(anonymous_4)","decl":{"start":{"line":49,"column":2},"end":{"line":49,"column":3}},"loc":{"start":{"line":49,"column":11},"end":{"line":51,"column":3}},"line":49},"5":{"name":"(anonymous_5)","decl":{"start":{"line":53,"column":2},"end":{"line":53,"column":3}},"loc":{"start":{"line":53,"column":16},"end":{"line":59,"column":3}},"line":53},"6":{"name":"(anonymous_6)","decl":{"start":{"line":61,"column":2},"end":{"line":61,"column":3}},"loc":{"start":{"line":61,"column":26},"end":{"line":86,"column":3}},"line":61},"7":{"name":"(anonymous_7)","decl":{"start":{"line":88,"column":2},"end":{"line":88,"column":3}},"loc":{"start":{"line":88,"column":35},"end":{"line":100,"column":3}},"line":88},"8":{"name":"(anonymous_8)","decl":{"start":{"line":102,"column":2},"end":{"line":102,"column":3}},"loc":{"start":{"line":102,"column":18},"end":{"line":109,"column":3}},"line":102}},"branchMap":{"0":{"loc":{"start":{"line":35,"column":22},"end":{"line":38,"column":5}},"type":"binary-expr","locations":[{"start":{"line":35,"column":22},"end":{"line":35,"column":26}},{"start":{"line":35,"column":30},"end":{"line":38,"column":5}}],"line":35},"1":{"loc":{"start":{"line":39,"column":12},"end":{"line":39,"column":23}},"type":"binary-expr","locations":[{"start":{"line":39,"column":12},"end":{"line":39,"column":17}},{"start":{"line":39,"column":21},"end":{"line":39,"column":23}}],"line":39},"2":{"loc":{"start":{"line":41,"column":6},"end":{"line":43,"column":7}},"type":"if","locations":[{"start":{"line":41,"column":6},"end":{"line":43,"column":7}},{"start":{"line":41,"column":6},"end":{"line":43,"column":7}}],"line":41},"3":{"loc":{"start":{"line":54,"column":4},"end":{"line":56,"column":5}},"type":"if","locations":[{"start":{"line":54,"column":4},"end":{"line":56,"column":5}},{"start":{"line":54,"column":4},"end":{"line":56,"column":5}}],"line":54},"4":{"loc":{"start":{"line":62,"column":4},"end":{"line":68,"column":5}},"type":"if","locations":[{"start":{"line":62,"column":4},"end":{"line":68,"column":5}},{"start":{"line":62,"column":4},"end":{"line":68,"column":5}}],"line":62},"5":{"loc":{"start":{"line":70,"column":4},"end":{"line":73,"column":5}},"type":"if","locations":[{"start":{"line":70,"column":4},"end":{"line":73,"column":5}},{"start":{"line":70,"column":4},"end":{"line":73,"column":5}}],"line":70},"6":{"loc":{"start":{"line":75,"column":4},"end":{"line":78,"column":5}},"type":"if","locations":[{"start":{"line":75,"column":4},"end":{"line":78,"column":5}},{"start":{"line":75,"column":4},"end":{"line":78,"column":5}}],"line":75},"7":{"loc":{"start":{"line":80,"column":4},"end":{"line":83,"column":5}},"type":"if","locations":[{"start":{"line":80,"column":4},"end":{"line":83,"column":5}},{"start":{"line":80,"column":4},"end":{"line":83,"column":5}}],"line":80},"8":{"loc":{"start":{"line":90,"column":4},"end":{"line":92,"column":5}},"type":"if","locations":[{"start":{"line":90,"column":4},"end":{"line":92,"column":5}},{"start":{"line":90,"column":4},"end":{"line":92,"column":5}}],"line":90},"9":{"loc":{"start":{"line":94,"column":4},"end":{"line":96,"column":5}},"type":"if","locations":[{"start":{"line":94,"column":4},"end":{"line":96,"column":5}},{"start":{"line":94,"column":4},"end":{"line":96,"column":5}}],"line":94},"10":{"loc":{"start":{"line":103,"column":14},"end":{"line":103,"column":27}},"type":"binary-expr","locations":[{"start":{"line":103,"column":14},"end":{"line":103,"column":21}},{"start":{"line":103,"column":25},"end":{"line":103,"column":27}}],"line":103},"11":{"loc":{"start":{"line":104,"column":4},"end":{"line":107,"column":5}},"type":"if","locations":[{"start":{"line":104,"column":4},"end":{"line":107,"column":5}},{"start":{"line":104,"column":4},"end":{"line":107,"column":5}}],"line":104},"12":{"loc":{"start":{"line":104,"column":8},"end":{"line":104,"column":64}},"type":"binary-expr","locations":[{"start":{"line":104,"column":8},"end":{"line":104,"column":37}},{"start":{"line":104,"column":41},"end":{"line":104,"column":64}}],"line":104}},"s":{"0":1,"1":1,"2":1,"3":1,"4":241,"5":4299,"6":2,"7":2,"8":263,"9":263,"10":263,"11":292,"12":271,"13":263,"14":2413,"15":201573,"16":201402,"17":171,"18":60,"19":1,"20":3,"21":1,"22":59,"23":1,"24":1,"25":58,"26":1,"27":1,"28":57,"29":3,"30":3,"31":54,"32":241,"33":241,"34":237,"35":241,"36":237,"37":241,"38":241,"39":18,"40":18,"41":1,"42":1,"43":17,"44":1},"f":{"0":241,"1":2,"2":2,"3":263,"4":2413,"5":201573,"6":60,"7":241,"8":18},"b":{"0":[263,0],"1":[263,27],"2":[271,21],"3":[201402,171],"4":[1,59],"5":[1,58],"6":[1,57],"7":[3,54],"8":[237,4],"9":[237,4],"10":[18,7],"11":[1,17],"12":[18,12]},"_coverageSchema":"332fd63041d2c1bcb487cc26dd0d5f7d97098a6c","hash":"7608a218ebe34e75d6f91db5ee0aed7040a4f4f9","contentHash":"1724e1e10d1ee7da4007c508d27ba759_11.1.0"},"/mnt/c/Users/Kyle Ady/Documents/git/Mock20/Objects/Mock20_attribute.js":{"path":"/mnt/c/Users/Kyle Ady/Documents/git/Mock20/Objects/Mock20_attribute.js","statementMap":{"0":{"start":{"line":1,"column":19},"end":{"line":1,"column":45}},"1":{"start":{"line":5,"column":15},"end":{"line":12,"column":5}},"2":{"start":{"line":13,"column":4},"end":{"line":13,"column":28}},"3":{"start":{"line":17,"column":0},"end":{"line":17,"column":33}}},"fnMap":{"0":{"name":"(anonymous_0)","decl":{"start":{"line":4,"column":2},"end":{"line":4,"column":3}},"loc":{"start":{"line":4,"column":26},"end":{"line":14,"column":3}},"line":4}},"branchMap":{},"s":{"0":1,"1":5,"2":5,"3":1},"f":{"0":5},"b":{},"_coverageSchema":"332fd63041d2c1bcb487cc26dd0d5f7d97098a6c","hash":"1d1c01f535413df60c22ec47091f8e191f6a4c58","contentHash":"888dd36ff0fc039635330bf8605625bb_11.1.0"},"/mnt/c/Users/Kyle Ady/Documents/git/Mock20/Objects/Mock20_card.js":{"path":"/mnt/c/Users/Kyle Ady/Documents/git/Mock20/Objects/Mock20_card.js","statementMap":{"0":{"start":{"line":1,"column":19},"end":{"line":1,"column":45}},"1":{"start":{"line":5,"column":15},"end":{"line":11,"column":5}},"2":{"start":{"line":12,"column":4},"end":{"line":12,"column":28}},"3":{"start":{"line":16,"column":0},"end":{"line":16,"column":28}}},"fnMap":{"0":{"name":"(anonymous_0)","decl":{"start":{"line":4,"column":2},"end":{"line":4,"column":3}},"loc":{"start":{"line":4,"column":26},"end":{"line":13,"column":3}},"line":4}},"branchMap":{},"s":{"0":1,"1":1,"2":1,"3":1},"f":{"0":1},"b":{},"_coverageSchema":"332fd63041d2c1bcb487cc26dd0d5f7d97098a6c","hash":"81c392e318352590f160deb1ca9e5e34bb559f25","contentHash":"811d7f9676e8afa53c29c5da4aa5eaa6_11.1.0"},"/mnt/c/Users/Kyle Ady/Documents/git/Mock20/Objects/Mock20_character.js":{"path":"/mnt/c/Users/Kyle Ady/Documents/git/Mock20/Objects/Mock20_character.js","statementMap":{"0":{"start":{"line":1,"column":19},"end":{"line":1,"column":45}},"1":{"start":{"line":2,"column":15},"end":{"line":2,"column":61}},"2":{"start":{"line":6,"column":4},"end":{"line":17,"column":6}},"3":{"start":{"line":18,"column":4},"end":{"line":18,"column":28}},"4":{"start":{"line":22,"column":4},"end":{"line":29,"column":5}},"5":{"start":{"line":23,"column":18},"end":{"line":23,"column":43}},"6":{"start":{"line":24,"column":6},"end":{"line":26,"column":14}},"7":{"start":{"line":25,"column":8},"end":{"line":25,"column":24}},"8":{"start":{"line":28,"column":6},"end":{"line":28,"column":33}},"9":{"start":{"line":33,"column":4},"end":{"line":33,"column":44}},"10":{"start":{"line":37,"column":0},"end":{"line":37,"column":33}}},"fnMap":{"0":{"name":"(anonymous_0)","decl":{"start":{"line":5,"column":2},"end":{"line":5,"column":3}},"loc":{"start":{"line":5,"column":32},"end":{"line":19,"column":3}},"line":5},"1":{"name":"(anonymous_1)","decl":{"start":{"line":21,"column":2},"end":{"line":21,"column":3}},"loc":{"start":{"line":21,"column":26},"end":{"line":30,"column":3}},"line":21},"2":{"name":"(anonymous_2)","decl":{"start":{"line":24,"column":17},"end":{"line":24,"column":18}},"loc":{"start":{"line":24,"column":29},"end":{"line":26,"column":7}},"line":24},"3":{"name":"(anonymous_3)","decl":{"start":{"line":32,"column":2},"end":{"line":32,"column":3}},"loc":{"start":{"line":32,"column":23},"end":{"line":34,"column":3}},"line":32}},"branchMap":{"0":{"loc":{"start":{"line":6,"column":11},"end":{"line":17,"column":5}},"type":"binary-expr","locations":[{"start":{"line":6,"column":11},"end":{"line":6,"column":15}},{"start":{"line":6,"column":19},"end":{"line":17,"column":5}}],"line":6},"1":{"loc":{"start":{"line":22,"column":4},"end":{"line":29,"column":5}},"type":"if","locations":[{"start":{"line":22,"column":4},"end":{"line":29,"column":5}},{"start":{"line":22,"column":4},"end":{"line":29,"column":5}}],"line":22},"2":{"loc":{"start":{"line":22,"column":8},"end":{"line":22,"column":73}},"type":"binary-expr","locations":[{"start":{"line":22,"column":8},"end":{"line":22,"column":25}},{"start":{"line":22,"column":29},"end":{"line":22,"column":50}},{"start":{"line":22,"column":54},"end":{"line":22,"column":73}}],"line":22}},"s":{"0":1,"1":1,"2":56,"3":56,"4":80764,"5":1,"6":1,"7":1,"8":80763,"9":56,"10":1},"f":{"0":56,"1":80764,"2":1,"3":56},"b":{"0":[56,34],"1":[1,80763],"2":[80764,80763,80763]},"_coverageSchema":"332fd63041d2c1bcb487cc26dd0d5f7d97098a6c","hash":"9a2a46d1c263417a20faa79387096672973e0b43","contentHash":"31ebce9734d37e257a04f5fcb80d4e3c_11.1.0"},"/mnt/c/Users/Kyle Ady/Documents/git/Mock20/Functions/API_Objects/Campaign.js":{"path":"/mnt/c/Users/Kyle Ady/Documents/git/Mock20/Functions/API_Objects/Campaign.js","statementMap":{"0":{"start":{"line":2,"column":21},"end":{"line":2,"column":63}},"1":{"start":{"line":3,"column":15},"end":{"line":3,"column":41}},"2":{"start":{"line":5,"column":0},"end":{"line":7,"column":2}},"3":{"start":{"line":6,"column":2},"end":{"line":6,"column":18}}},"fnMap":{"0":{"name":"(anonymous_0)","decl":{"start":{"line":5,"column":17},"end":{"line":5,"column":18}},"loc":{"start":{"line":5,"column":29},"end":{"line":7,"column":1}},"line":5}},"branchMap":{},"s":{"0":1,"1":1,"2":1,"3":241},"f":{"0":241},"b":{},"_coverageSchema":"332fd63041d2c1bcb487cc26dd0d5f7d97098a6c","hash":"cd386723a10075176b1a953cf47af8e9c4318eed","contentHash":"0276a2259360cb4db572de7b0e748abe_11.1.0"},"/mnt/c/Users/Kyle Ady/Documents/git/Mock20/Objects/Mock20_campaign.js":{"path":"/mnt/c/Users/Kyle Ady/Documents/git/Mock20/Objects/Mock20_campaign.js","statementMap":{"0":{"start":{"line":1,"column":19},"end":{"line":1,"column":45}},"1":{"start":{"line":2,"column":15},"end":{"line":2,"column":61}},"2":{"start":{"line":5,"column":15},"end":{"line":14,"column":5}},"3":{"start":{"line":15,"column":4},"end":{"line":15,"column":28}},"4":{"start":{"line":19,"column":22},"end":{"line":19,"column":48}},"5":{"start":{"line":20,"column":18},"end":{"line":20,"column":39}},"6":{"start":{"line":21,"column":4},"end":{"line":21,"column":57}},"7":{"start":{"line":22,"column":24},"end":{"line":22,"column":43}},"8":{"start":{"line":23,"column":16},"end":{"line":23,"column":18}},"9":{"start":{"line":24,"column":4},"end":{"line":38,"column":5}},"10":{"start":{"line":25,"column":6},"end":{"line":37,"column":7}},"11":{"start":{"line":26,"column":8},"end":{"line":29,"column":11}},"12":{"start":{"line":31,"column":18},"end":{"line":31,"column":55}},"13":{"start":{"line":32,"column":8},"end":{"line":32,"column":27}},"14":{"start":{"line":32,"column":18},"end":{"line":32,"column":27}},"15":{"start":{"line":33,"column":8},"end":{"line":36,"column":11}},"16":{"start":{"line":40,"column":4},"end":{"line":40,"column":17}},"17":{"start":{"line":44,"column":4},"end":{"line":53,"column":5}},"18":{"start":{"line":46,"column":22},"end":{"line":46,"column":56}},"19":{"start":{"line":47,"column":8},"end":{"line":47,"column":14}},"20":{"start":{"line":49,"column":22},"end":{"line":49,"column":28}},"21":{"start":{"line":50,"column":8},"end":{"line":50,"column":14}},"22":{"start":{"line":52,"column":8},"end":{"line":52,"column":15}},"23":{"start":{"line":54,"column":18},"end":{"line":54,"column":37}},"24":{"start":{"line":55,"column":18},"end":{"line":55,"column":51}},"25":{"start":{"line":56,"column":4},"end":{"line":56,"column":40}},"26":{"start":{"line":57,"column":4},"end":{"line":57,"column":40}},"27":{"start":{"line":61,"column":20},"end":{"line":61,"column":43}},"28":{"start":{"line":62,"column":17},"end":{"line":62,"column":19}},"29":{"start":{"line":63,"column":4},"end":{"line":71,"column":5}},"30":{"start":{"line":64,"column":6},"end":{"line":68,"column":7}},"31":{"start":{"line":65,"column":8},"end":{"line":65,"column":39}},"32":{"start":{"line":67,"column":8},"end":{"line":67,"column":23}},"33":{"start":{"line":70,"column":6},"end":{"line":70,"column":20}},"34":{"start":{"line":73,"column":4},"end":{"line":73,"column":38}},"35":{"start":{"line":74,"column":18},"end":{"line":74,"column":40}},"36":{"start":{"line":75,"column":4},"end":{"line":75,"column":39}},"37":{"start":{"line":79,"column":28},"end":{"line":109,"column":1}},"38":{"start":{"line":80,"column":14},"end":{"line":80,"column":15}},"39":{"start":{"line":81,"column":20},"end":{"line":81,"column":29}},"40":{"start":{"line":82,"column":18},"end":{"line":82,"column":27}},"41":{"start":{"line":83,"column":23},"end":{"line":83,"column":25}},"42":{"start":{"line":84,"column":2},"end":{"line":100,"column":3}},"43":{"start":{"line":85,"column":4},"end":{"line":99,"column":5}},"44":{"start":{"line":86,"column":6},"end":{"line":86,"column":38}},"45":{"start":{"line":86,"column":22},"end":{"line":86,"column":38}},"46":{"start":{"line":87,"column":6},"end":{"line":87,"column":14}},"47":{"start":{"line":88,"column":11},"end":{"line":99,"column":5}},"48":{"start":{"line":89,"column":6},"end":{"line":89,"column":14}},"49":{"start":{"line":90,"column":6},"end":{"line":98,"column":7}},"50":{"start":{"line":91,"column":8},"end":{"line":91,"column":26}},"51":{"start":{"line":92,"column":8},"end":{"line":92,"column":71}},"52":{"start":{"line":93,"column":8},"end":{"line":93,"column":37}},"53":{"start":{"line":94,"column":25},"end":{"line":94,"column":32}},"54":{"start":{"line":95,"column":8},"end":{"line":95,"column":55}},"55":{"start":{"line":96,"column":8},"end":{"line":96,"column":53}},"56":{"start":{"line":97,"column":8},"end":{"line":97,"column":51}},"57":{"start":{"line":102,"column":2},"end":{"line":102,"column":48}},"58":{"start":{"line":103,"column":2},"end":{"line":105,"column":5}},"59":{"start":{"line":104,"column":4},"end":{"line":104,"column":38}},"60":{"start":{"line":107,"column":2},"end":{"line":107,"column":43}},"61":{"start":{"line":108,"column":2},"end":{"line":108,"column":17}},"62":{"start":{"line":112,"column":2},"end":{"line":112,"column":59}},"63":{"start":{"line":112,"column":32},"end":{"line":112,"column":59}},"64":{"start":{"line":113,"column":2},"end":{"line":117,"column":3}},"65":{"start":{"line":114,"column":4},"end":{"line":114,"column":28}},"66":{"start":{"line":116,"column":4},"end":{"line":116,"column":28}},"67":{"start":{"line":120,"column":0},"end":{"line":120,"column":32}}},"fnMap":{"0":{"name":"(anonymous_0)","decl":{"start":{"line":4,"column":2},"end":{"line":4,"column":3}},"loc":{"start":{"line":4,"column":26},"end":{"line":16,"column":3}},"line":4},"1":{"name":"(anonymous_1)","decl":{"start":{"line":18,"column":2},"end":{"line":18,"column":3}},"loc":{"start":{"line":18,"column":29},"end":{"line":41,"column":3}},"line":18},"2":{"name":"(anonymous_2)","decl":{"start":{"line":43,"column":2},"end":{"line":43,"column":3}},"loc":{"start":{"line":43,"column":23},"end":{"line":58,"column":3}},"line":43},"3":{"name":"(anonymous_3)","decl":{"start":{"line":60,"column":2},"end":{"line":60,"column":3}},"loc":{"start":{"line":60,"column":25},"end":{"line":76,"column":3}},"line":60},"4":{"name":"(anonymous_4)","decl":{"start":{"line":79,"column":28},"end":{"line":79,"column":29}},"loc":{"start":{"line":79,"column":47},"end":{"line":109,"column":1}},"line":79},"5":{"name":"(anonymous_5)","decl":{"start":{"line":103,"column":44},"end":{"line":103,"column":45}},"loc":{"start":{"line":103,"column":81},"end":{"line":105,"column":3}},"line":103},"6":{"name":"getJournalType","decl":{"start":{"line":111,"column":9},"end":{"line":111,"column":23}},"loc":{"start":{"line":111,"column":31},"end":{"line":118,"column":1}},"line":111}},"branchMap":{"0":{"loc":{"start":{"line":25,"column":6},"end":{"line":37,"column":7}},"type":"if","locations":[{"start":{"line":25,"column":6},"end":{"line":37,"column":7}},{"start":{"line":25,"column":6},"end":{"line":37,"column":7}}],"line":25},"1":{"loc":{"start":{"line":32,"column":8},"end":{"line":32,"column":27}},"type":"if","locations":[{"start":{"line":32,"column":8},"end":{"line":32,"column":27}},{"start":{"line":32,"column":8},"end":{"line":32,"column":27}}],"line":32},"2":{"loc":{"start":{"line":44,"column":4},"end":{"line":53,"column":5}},"type":"switch","locations":[{"start":{"line":45,"column":6},"end":{"line":45,"column":20}},{"start":{"line":45,"column":21},"end":{"line":47,"column":14}},{"start":{"line":48,"column":6},"end":{"line":48,"column":21}},{"start":{"line":48,"column":22},"end":{"line":48,"column":39}},{"start":{"line":48,"column":40},"end":{"line":50,"column":14}},{"start":{"line":51,"column":6},"end":{"line":52,"column":15}}],"line":44},"3":{"loc":{"start":{"line":64,"column":6},"end":{"line":68,"column":7}},"type":"if","locations":[{"start":{"line":64,"column":6},"end":{"line":68,"column":7}},{"start":{"line":64,"column":6},"end":{"line":68,"column":7}}],"line":64},"4":{"loc":{"start":{"line":85,"column":4},"end":{"line":99,"column":5}},"type":"if","locations":[{"start":{"line":85,"column":4},"end":{"line":99,"column":5}},{"start":{"line":85,"column":4},"end":{"line":99,"column":5}}],"line":85},"5":{"loc":{"start":{"line":86,"column":6},"end":{"line":86,"column":38}},"type":"if","locations":[{"start":{"line":86,"column":6},"end":{"line":86,"column":38}},{"start":{"line":86,"column":6},"end":{"line":86,"column":38}}],"line":86},"6":{"loc":{"start":{"line":88,"column":11},"end":{"line":99,"column":5}},"type":"if","locations":[{"start":{"line":88,"column":11},"end":{"line":99,"column":5}},{"start":{"line":88,"column":11},"end":{"line":99,"column":5}}],"line":88},"7":{"loc":{"start":{"line":90,"column":6},"end":{"line":98,"column":7}},"type":"if","locations":[{"start":{"line":90,"column":6},"end":{"line":98,"column":7}},{"start":{"line":90,"column":6},"end":{"line":98,"column":7}}],"line":90},"8":{"loc":{"start":{"line":112,"column":2},"end":{"line":112,"column":59}},"type":"if","locations":[{"start":{"line":112,"column":2},"end":{"line":112,"column":59}},{"start":{"line":112,"column":2},"end":{"line":112,"column":59}}],"line":112},"9":{"loc":{"start":{"line":113,"column":2},"end":{"line":117,"column":3}},"type":"if","locations":[{"start":{"line":113,"column":2},"end":{"line":117,"column":3}},{"start":{"line":113,"column":2},"end":{"line":117,"column":3}}],"line":113},"10":{"loc":{"start":{"line":113,"column":6},"end":{"line":113,"column":52}},"type":"binary-expr","locations":[{"start":{"line":113,"column":6},"end":{"line":113,"column":25}},{"start":{"line":113,"column":29},"end":{"line":113,"column":52}}],"line":113}},"s":{"0":1,"1":1,"2":1,"3":1,"4":75,"5":75,"6":75,"7":75,"8":75,"9":75,"10":2631,"11":726,"12":1905,"13":1905,"14":0,"15":1905,"16":75,"17":111,"18":45,"19":45,"20":66,"21":66,"22":0,"23":111,"24":111,"25":111,"26":111,"27":51,"28":51,"29":51,"30":1778,"31":520,"32":1258,"33":1778,"34":51,"35":51,"36":51,"37":1,"38":75,"39":75,"40":75,"41":75,"42":75,"43":42977,"44":945,"45":726,"46":945,"47":42032,"48":945,"49":945,"50":726,"51":726,"52":726,"53":726,"54":726,"55":726,"56":726,"57":75,"58":75,"59":726,"60":75,"61":75,"62":237,"63":162,"64":237,"65":61,"66":176,"67":1},"f":{"0":1,"1":75,"2":111,"3":51,"4":75,"5":726,"6":237},"b":{"0":[726,1905],"1":[0,1905],"2":[29,45,22,56,66,0],"3":[520,1258],"4":[945,42032],"5":[726,219],"6":[945,41087],"7":[726,219],"8":[162,75],"9":[61,176],"10":[237,186]},"_coverageSchema":"332fd63041d2c1bcb487cc26dd0d5f7d97098a6c","hash":"b51564016fbbdb63d67a0b2cf0fa70fb7c03db70","contentHash":"972fe2077aae6f0402e42598246928f6_11.1.0"},"/mnt/c/Users/Kyle Ady/Documents/git/Mock20/Functions/API_Objects/FindObjs.js":{"path":"/mnt/c/Users/Kyle Ady/Documents/git/Mock20/Functions/API_Objects/FindObjs.js","statementMap":{"0":{"start":{"line":2,"column":11},"end":{"line":2,"column":47}},"1":{"start":{"line":3,"column":0},"end":{"line":3,"column":33}},"2":{"start":{"line":4,"column":0},"end":{"line":28,"column":2}},"3":{"start":{"line":5,"column":2},"end":{"line":5,"column":85}},"4":{"start":{"line":5,"column":32},"end":{"line":5,"column":85}},"5":{"start":{"line":7,"column":2},"end":{"line":10,"column":3}},"6":{"start":{"line":8,"column":4},"end":{"line":8,"column":52}},"7":{"start":{"line":9,"column":4},"end":{"line":9,"column":24}},"8":{"start":{"line":12,"column":2},"end":{"line":15,"column":4}},"9":{"start":{"line":16,"column":14},"end":{"line":16,"column":16}},"10":{"start":{"line":17,"column":2},"end":{"line":25,"column":3}},"11":{"start":{"line":18,"column":4},"end":{"line":18,"column":57}},"12":{"start":{"line":18,"column":40},"end":{"line":18,"column":57}},"13":{"start":{"line":19,"column":4},"end":{"line":19,"column":30}},"14":{"start":{"line":21,"column":4},"end":{"line":24,"column":5}},"15":{"start":{"line":22,"column":6},"end":{"line":22,"column":88}},"16":{"start":{"line":22,"column":79},"end":{"line":22,"column":88}},"17":{"start":{"line":23,"column":6},"end":{"line":23,"column":25}},"18":{"start":{"line":27,"column":2},"end":{"line":27,"column":48}},"19":{"start":{"line":31,"column":14},"end":{"line":31,"column":16}},"20":{"start":{"line":32,"column":2},"end":{"line":34,"column":3}},"21":{"start":{"line":33,"column":4},"end":{"line":33,"column":69}},"22":{"start":{"line":36,"column":2},"end":{"line":36,"column":15}},"23":{"start":{"line":40,"column":14},"end":{"line":40,"column":16}},"24":{"start":{"line":41,"column":2},"end":{"line":45,"column":3}},"25":{"start":{"line":42,"column":4},"end":{"line":44,"column":5}},"26":{"start":{"line":43,"column":6},"end":{"line":43,"column":28}},"27":{"start":{"line":47,"column":2},"end":{"line":47,"column":15}},"28":{"start":{"line":51,"column":17},"end":{"line":51,"column":21}},"29":{"start":{"line":52,"column":2},"end":{"line":60,"column":3}},"30":{"start":{"line":53,"column":4},"end":{"line":59,"column":5}},"31":{"start":{"line":56,"column":6},"end":{"line":56,"column":85}},"32":{"start":{"line":56,"column":68},"end":{"line":56,"column":85}},"33":{"start":{"line":57,"column":11},"end":{"line":59,"column":5}},"34":{"start":{"line":58,"column":6},"end":{"line":58,"column":23}},"35":{"start":{"line":62,"column":2},"end":{"line":62,"column":18}}},"fnMap":{"0":{"name":"(anonymous_0)","decl":{"start":{"line":4,"column":17},"end":{"line":4,"column":18}},"loc":{"start":{"line":4,"column":43},"end":{"line":28,"column":1}},"line":4},"1":{"name":"findObjsInTypes","decl":{"start":{"line":30,"column":9},"end":{"line":30,"column":24}},"loc":{"start":{"line":30,"column":48},"end":{"line":37,"column":1}},"line":30},"2":{"name":"findObjsInType","decl":{"start":{"line":39,"column":9},"end":{"line":39,"column":23}},"loc":{"start":{"line":39,"column":46},"end":{"line":48,"column":1}},"line":39},"3":{"name":"matchingObj","decl":{"start":{"line":50,"column":9},"end":{"line":50,"column":20}},"loc":{"start":{"line":50,"column":42},"end":{"line":63,"column":1}},"line":50}},"branchMap":{"0":{"loc":{"start":{"line":5,"column":2},"end":{"line":5,"column":85}},"type":"if","locations":[{"start":{"line":5,"column":2},"end":{"line":5,"column":85}},{"start":{"line":5,"column":2},"end":{"line":5,"column":85}}],"line":5},"1":{"loc":{"start":{"line":7,"column":2},"end":{"line":10,"column":3}},"type":"if","locations":[{"start":{"line":7,"column":2},"end":{"line":10,"column":3}},{"start":{"line":7,"column":2},"end":{"line":10,"column":3}}],"line":7},"2":{"loc":{"start":{"line":7,"column":6},"end":{"line":7,"column":43}},"type":"binary-expr","locations":[{"start":{"line":7,"column":6},"end":{"line":7,"column":13}},{"start":{"line":7,"column":17},"end":{"line":7,"column":43}}],"line":7},"3":{"loc":{"start":{"line":12,"column":12},"end":{"line":15,"column":3}},"type":"binary-expr","locations":[{"start":{"line":12,"column":12},"end":{"line":12,"column":19}},{"start":{"line":12,"column":23},"end":{"line":15,"column":3}}],"line":12},"4":{"loc":{"start":{"line":17,"column":2},"end":{"line":25,"column":3}},"type":"if","locations":[{"start":{"line":17,"column":2},"end":{"line":25,"column":3}},{"start":{"line":17,"column":2},"end":{"line":25,"column":3}}],"line":17},"5":{"loc":{"start":{"line":18,"column":4},"end":{"line":18,"column":57}},"type":"if","locations":[{"start":{"line":18,"column":4},"end":{"line":18,"column":57}},{"start":{"line":18,"column":4},"end":{"line":18,"column":57}}],"line":18},"6":{"loc":{"start":{"line":22,"column":6},"end":{"line":22,"column":88}},"type":"if","locations":[{"start":{"line":22,"column":6},"end":{"line":22,"column":88}},{"start":{"line":22,"column":6},"end":{"line":22,"column":88}}],"line":22},"7":{"loc":{"start":{"line":22,"column":10},"end":{"line":22,"column":77}},"type":"binary-expr","locations":[{"start":{"line":22,"column":11},"end":{"line":22,"column":27}},{"start":{"line":22,"column":31},"end":{"line":22,"column":49}},{"start":{"line":22,"column":54},"end":{"line":22,"column":77}}],"line":22},"8":{"loc":{"start":{"line":42,"column":4},"end":{"line":44,"column":5}},"type":"if","locations":[{"start":{"line":42,"column":4},"end":{"line":44,"column":5}},{"start":{"line":42,"column":4},"end":{"line":44,"column":5}}],"line":42},"9":{"loc":{"start":{"line":53,"column":4},"end":{"line":59,"column":5}},"type":"if","locations":[{"start":{"line":53,"column":4},"end":{"line":59,"column":5}},{"start":{"line":53,"column":4},"end":{"line":59,"column":5}}],"line":53},"10":{"loc":{"start":{"line":53,"column":8},"end":{"line":55,"column":37}},"type":"binary-expr","locations":[{"start":{"line":53,"column":8},"end":{"line":53,"column":31}},{"start":{"line":54,"column":7},"end":{"line":54,"column":39}},{"start":{"line":55,"column":7},"end":{"line":55,"column":37}}],"line":53},"11":{"loc":{"start":{"line":56,"column":6},"end":{"line":56,"column":85}},"type":"if","locations":[{"start":{"line":56,"column":6},"end":{"line":56,"column":85}},{"start":{"line":56,"column":6},"end":{"line":56,"column":85}}],"line":56},"12":{"loc":{"start":{"line":57,"column":11},"end":{"line":59,"column":5}},"type":"if","locations":[{"start":{"line":57,"column":11},"end":{"line":59,"column":5}},{"start":{"line":57,"column":11},"end":{"line":59,"column":5}}],"line":57}},"s":{"0":1,"1":1,"2":1,"3":1928,"4":3,"5":1925,"6":1,"7":1,"8":1925,"9":1925,"10":1925,"11":9,"12":1,"13":8,"14":1916,"15":36404,"16":3830,"17":32574,"18":1924,"19":1924,"20":1924,"21":32582,"22":1924,"23":32582,"24":32582,"25":191712,"26":1930,"27":32582,"28":191712,"29":191712,"30":191772,"31":34,"32":28,"33":191738,"34":189776,"35":191712},"f":{"0":1928,"1":1924,"2":32582,"3":191712},"b":{"0":[3,1925],"1":[1,1924],"2":[1925,3],"3":[1925,1923],"4":[9,1916],"5":[1,8],"6":[3830,32574],"7":[36404,34488,3832],"8":[1930,189782],"9":[34,191738],"10":[191772,49,34],"11":[28,6],"12":[189776,1962]},"_coverageSchema":"332fd63041d2c1bcb487cc26dd0d5f7d97098a6c","hash":"df702dad61712857e442a1b8b19387153294c425","contentHash":"87aec65ddb71448686576184c3028e5f_11.1.0"},"/mnt/c/Users/Kyle Ady/Documents/git/Mock20/Objects/Mock20_deck.js":{"path":"/mnt/c/Users/Kyle Ady/Documents/git/Mock20/Objects/Mock20_deck.js","statementMap":{"0":{"start":{"line":1,"column":19},"end":{"line":1,"column":45}},"1":{"start":{"line":5,"column":15},"end":{"line":27,"column":5}},"2":{"start":{"line":28,"column":4},"end":{"line":28,"column":28}},"3":{"start":{"line":32,"column":0},"end":{"line":32,"column":28}}},"fnMap":{"0":{"name":"(anonymous_0)","decl":{"start":{"line":4,"column":2},"end":{"line":4,"column":3}},"loc":{"start":{"line":4,"column":26},"end":{"line":29,"column":3}},"line":4}},"branchMap":{},"s":{"0":1,"1":1,"2":1,"3":1},"f":{"0":1},"b":{},"_coverageSchema":"332fd63041d2c1bcb487cc26dd0d5f7d97098a6c","hash":"b32f2624e5000aa2445ddac2dc1b500122cd15cf","contentHash":"3b46f5a200ac6d7a23f2d19cb89e40e3_11.1.0"},"/mnt/c/Users/Kyle Ady/Documents/git/Mock20/Objects/Mock20_folder.js":{"path":"/mnt/c/Users/Kyle Ady/Documents/git/Mock20/Objects/Mock20_folder.js","statementMap":{"0":{"start":{"line":1,"column":11},"end":{"line":1,"column":44}},"1":{"start":{"line":2,"column":15},"end":{"line":2,"column":61}},"2":{"start":{"line":3,"column":19},"end":{"line":3,"column":45}},"3":{"start":{"line":7,"column":15},"end":{"line":12,"column":5}},"4":{"start":{"line":13,"column":4},"end":{"line":13,"column":28}},"5":{"start":{"line":17,"column":4},"end":{"line":17,"column":43}},"6":{"start":{"line":18,"column":21},"end":{"line":18,"column":53}},"7":{"start":{"line":19,"column":4},"end":{"line":19,"column":42}},"8":{"start":{"line":23,"column":16},"end":{"line":23,"column":74}},"9":{"start":{"line":24,"column":21},"end":{"line":27,"column":6}},"10":{"start":{"line":28,"column":4},"end":{"line":28,"column":22}},"11":{"start":{"line":32,"column":4},"end":{"line":36,"column":6}},"12":{"start":{"line":40,"column":17},"end":{"line":40,"column":33}},"13":{"start":{"line":41,"column":4},"end":{"line":50,"column":5}},"14":{"start":{"line":42,"column":6},"end":{"line":49,"column":7}},"15":{"start":{"line":43,"column":24},"end":{"line":43,"column":54}},"16":{"start":{"line":44,"column":8},"end":{"line":46,"column":9}},"17":{"start":{"line":45,"column":10},"end":{"line":45,"column":50}},"18":{"start":{"line":48,"column":8},"end":{"line":48,"column":32}},"19":{"start":{"line":52,"column":4},"end":{"line":52,"column":18}},"20":{"start":{"line":56,"column":4},"end":{"line":65,"column":5}},"21":{"start":{"line":57,"column":6},"end":{"line":64,"column":7}},"22":{"start":{"line":58,"column":8},"end":{"line":58,"column":23}},"23":{"start":{"line":59,"column":13},"end":{"line":64,"column":7}},"24":{"start":{"line":60,"column":24},"end":{"line":60,"column":54}},"25":{"start":{"line":61,"column":20},"end":{"line":61,"column":29}},"26":{"start":{"line":62,"column":8},"end":{"line":62,"column":58}},"27":{"start":{"line":62,"column":23},"end":{"line":62,"column":58}},"28":{"start":{"line":63,"column":8},"end":{"line":63,"column":32}},"29":{"start":{"line":63,"column":19},"end":{"line":63,"column":32}},"30":{"start":{"line":69,"column":18},"end":{"line":69,"column":20}},"31":{"start":{"line":70,"column":4},"end":{"line":75,"column":5}},"32":{"start":{"line":71,"column":6},"end":{"line":71,"column":39}},"33":{"start":{"line":72,"column":6},"end":{"line":72,"column":27}},"34":{"start":{"line":74,"column":6},"end":{"line":74,"column":20}},"35":{"start":{"line":77,"column":4},"end":{"line":82,"column":5}},"36":{"start":{"line":78,"column":6},"end":{"line":81,"column":7}},"37":{"start":{"line":79,"column":8},"end":{"line":79,"column":49}},"38":{"start":{"line":80,"column":8},"end":{"line":80,"column":15}},"39":{"start":{"line":84,"column":4},"end":{"line":84,"column":37}},"40":{"start":{"line":88,"column":4},"end":{"line":88,"column":44}},"41":{"start":{"line":92,"column":23},"end":{"line":92,"column":25}},"42":{"start":{"line":93,"column":4},"end":{"line":105,"column":5}},"43":{"start":{"line":94,"column":6},"end":{"line":104,"column":7}},"44":{"start":{"line":95,"column":24},"end":{"line":95,"column":78}},"45":{"start":{"line":96,"column":8},"end":{"line":101,"column":9}},"46":{"start":{"line":97,"column":10},"end":{"line":97,"column":72}},"47":{"start":{"line":98,"column":10},"end":{"line":98,"column":42}},"48":{"start":{"line":100,"column":10},"end":{"line":100,"column":71}},"49":{"start":{"line":102,"column":13},"end":{"line":104,"column":7}},"50":{"start":{"line":103,"column":8},"end":{"line":103,"column":40}},"51":{"start":{"line":107,"column":4},"end":{"line":107,"column":24}},"52":{"start":{"line":111,"column":15},"end":{"line":111,"column":17}},"53":{"start":{"line":112,"column":4},"end":{"line":119,"column":5}},"54":{"start":{"line":113,"column":6},"end":{"line":118,"column":7}},"55":{"start":{"line":114,"column":24},"end":{"line":114,"column":54}},"56":{"start":{"line":115,"column":8},"end":{"line":115,"column":69}},"57":{"start":{"line":115,"column":23},"end":{"line":115,"column":69}},"58":{"start":{"line":117,"column":8},"end":{"line":117,"column":24}},"59":{"start":{"line":121,"column":4},"end":{"line":121,"column":16}},"60":{"start":{"line":125,"column":4},"end":{"line":133,"column":5}},"61":{"start":{"line":126,"column":6},"end":{"line":132,"column":7}},"62":{"start":{"line":127,"column":24},"end":{"line":127,"column":54}},"63":{"start":{"line":128,"column":8},"end":{"line":131,"column":9}},"64":{"start":{"line":129,"column":10},"end":{"line":129,"column":39}},"65":{"start":{"line":130,"column":10},"end":{"line":130,"column":78}},"66":{"start":{"line":137,"column":21},"end":{"line":137,"column":53}},"67":{"start":{"line":138,"column":23},"end":{"line":138,"column":53}},"68":{"start":{"line":139,"column":4},"end":{"line":139,"column":28}},"69":{"start":{"line":140,"column":4},"end":{"line":142,"column":5}},"70":{"start":{"line":141,"column":6},"end":{"line":141,"column":67}},"71":{"start":{"line":141,"column":42},"end":{"line":141,"column":67}},"72":{"start":{"line":144,"column":4},"end":{"line":144,"column":42}},"73":{"start":{"line":148,"column":0},"end":{"line":148,"column":30}}},"fnMap":{"0":{"name":"(anonymous_0)","decl":{"start":{"line":6,"column":2},"end":{"line":6,"column":3}},"loc":{"start":{"line":6,"column":32},"end":{"line":14,"column":3}},"line":6},"1":{"name":"(anonymous_1)","decl":{"start":{"line":16,"column":2},"end":{"line":16,"column":3}},"loc":{"start":{"line":16,"column":35},"end":{"line":20,"column":3}},"line":16},"2":{"name":"(anonymous_2)","decl":{"start":{"line":22,"column":2},"end":{"line":22,"column":3}},"loc":{"start":{"line":22,"column":25},"end":{"line":29,"column":3}},"line":22},"3":{"name":"(anonymous_3)","decl":{"start":{"line":31,"column":2},"end":{"line":31,"column":3}},"loc":{"start":{"line":31,"column":14},"end":{"line":37,"column":3}},"line":31},"4":{"name":"(anonymous_4)","decl":{"start":{"line":39,"column":2},"end":{"line":39,"column":3}},"loc":{"start":{"line":39,"column":17},"end":{"line":53,"column":3}},"line":39},"5":{"name":"(anonymous_5)","decl":{"start":{"line":55,"column":2},"end":{"line":55,"column":3}},"loc":{"start":{"line":55,"column":19},"end":{"line":66,"column":3}},"line":55},"6":{"name":"(anonymous_6)","decl":{"start":{"line":68,"column":2},"end":{"line":68,"column":3}},"loc":{"start":{"line":68,"column":25},"end":{"line":85,"column":3}},"line":68},"7":{"name":"(anonymous_7)","decl":{"start":{"line":87,"column":2},"end":{"line":87,"column":3}},"loc":{"start":{"line":87,"column":23},"end":{"line":89,"column":3}},"line":87},"8":{"name":"(anonymous_8)","decl":{"start":{"line":91,"column":2},"end":{"line":91,"column":3}},"loc":{"start":{"line":91,"column":17},"end":{"line":108,"column":3}},"line":91},"9":{"name":"(anonymous_9)","decl":{"start":{"line":110,"column":2},"end":{"line":110,"column":3}},"loc":{"start":{"line":110,"column":18},"end":{"line":122,"column":3}},"line":110},"10":{"name":"(anonymous_10)","decl":{"start":{"line":124,"column":2},"end":{"line":124,"column":3}},"loc":{"start":{"line":124,"column":21},"end":{"line":134,"column":3}},"line":124},"11":{"name":"(anonymous_11)","decl":{"start":{"line":136,"column":2},"end":{"line":136,"column":3}},"loc":{"start":{"line":136,"column":22},"end":{"line":145,"column":3}},"line":136}},"branchMap":{"0":{"loc":{"start":{"line":7,"column":15},"end":{"line":12,"column":5}},"type":"binary-expr","locations":[{"start":{"line":7,"column":15},"end":{"line":7,"column":19}},{"start":{"line":7,"column":23},"end":{"line":12,"column":5}}],"line":7},"1":{"loc":{"start":{"line":42,"column":6},"end":{"line":49,"column":7}},"type":"if","locations":[{"start":{"line":42,"column":6},"end":{"line":49,"column":7}},{"start":{"line":42,"column":6},"end":{"line":49,"column":7}}],"line":42},"2":{"loc":{"start":{"line":44,"column":8},"end":{"line":46,"column":9}},"type":"if","locations":[{"start":{"line":44,"column":8},"end":{"line":46,"column":9}},{"start":{"line":44,"column":8},"end":{"line":46,"column":9}}],"line":44},"3":{"loc":{"start":{"line":57,"column":6},"end":{"line":64,"column":7}},"type":"if","locations":[{"start":{"line":57,"column":6},"end":{"line":64,"column":7}},{"start":{"line":57,"column":6},"end":{"line":64,"column":7}}],"line":57},"4":{"loc":{"start":{"line":59,"column":13},"end":{"line":64,"column":7}},"type":"if","locations":[{"start":{"line":59,"column":13},"end":{"line":64,"column":7}},{"start":{"line":59,"column":13},"end":{"line":64,"column":7}}],"line":59},"5":{"loc":{"start":{"line":62,"column":8},"end":{"line":62,"column":58}},"type":"if","locations":[{"start":{"line":62,"column":8},"end":{"line":62,"column":58}},{"start":{"line":62,"column":8},"end":{"line":62,"column":58}}],"line":62},"6":{"loc":{"start":{"line":63,"column":8},"end":{"line":63,"column":32}},"type":"if","locations":[{"start":{"line":63,"column":8},"end":{"line":63,"column":32}},{"start":{"line":63,"column":8},"end":{"line":63,"column":32}}],"line":63},"7":{"loc":{"start":{"line":70,"column":4},"end":{"line":75,"column":5}},"type":"if","locations":[{"start":{"line":70,"column":4},"end":{"line":75,"column":5}},{"start":{"line":70,"column":4},"end":{"line":75,"column":5}}],"line":70},"8":{"loc":{"start":{"line":78,"column":6},"end":{"line":81,"column":7}},"type":"if","locations":[{"start":{"line":78,"column":6},"end":{"line":81,"column":7}},{"start":{"line":78,"column":6},"end":{"line":81,"column":7}}],"line":78},"9":{"loc":{"start":{"line":94,"column":6},"end":{"line":104,"column":7}},"type":"if","locations":[{"start":{"line":94,"column":6},"end":{"line":104,"column":7}},{"start":{"line":94,"column":6},"end":{"line":104,"column":7}}],"line":94},"10":{"loc":{"start":{"line":96,"column":8},"end":{"line":101,"column":9}},"type":"if","locations":[{"start":{"line":96,"column":8},"end":{"line":101,"column":9}},{"start":{"line":96,"column":8},"end":{"line":101,"column":9}}],"line":96},"11":{"loc":{"start":{"line":102,"column":13},"end":{"line":104,"column":7}},"type":"if","locations":[{"start":{"line":102,"column":13},"end":{"line":104,"column":7}},{"start":{"line":102,"column":13},"end":{"line":104,"column":7}}],"line":102},"12":{"loc":{"start":{"line":113,"column":6},"end":{"line":118,"column":7}},"type":"if","locations":[{"start":{"line":113,"column":6},"end":{"line":118,"column":7}},{"start":{"line":113,"column":6},"end":{"line":118,"column":7}}],"line":113},"13":{"loc":{"start":{"line":115,"column":8},"end":{"line":115,"column":69}},"type":"if","locations":[{"start":{"line":115,"column":8},"end":{"line":115,"column":69}},{"start":{"line":115,"column":8},"end":{"line":115,"column":69}}],"line":115},"14":{"loc":{"start":{"line":126,"column":6},"end":{"line":132,"column":7}},"type":"if","locations":[{"start":{"line":126,"column":6},"end":{"line":132,"column":7}},{"start":{"line":126,"column":6},"end":{"line":132,"column":7}}],"line":126},"15":{"loc":{"start":{"line":128,"column":8},"end":{"line":131,"column":9}},"type":"if","locations":[{"start":{"line":128,"column":8},"end":{"line":131,"column":9}},{"start":{"line":128,"column":8},"end":{"line":131,"column":9}}],"line":128},"16":{"loc":{"start":{"line":141,"column":6},"end":{"line":141,"column":67}},"type":"if","locations":[{"start":{"line":141,"column":6},"end":{"line":141,"column":67}},{"start":{"line":141,"column":6},"end":{"line":141,"column":67}}],"line":141}},"s":{"0":1,"1":1,"2":1,"3":120,"4":120,"5":9,"6":9,"7":9,"8":75,"9":75,"10":75,"11":629,"12":811,"13":811,"14":2364,"15":695,"16":695,"17":695,"18":1669,"19":811,"20":271,"21":734,"22":25,"23":709,"24":229,"25":229,"26":229,"27":229,"28":229,"29":15,"30":53,"31":53,"32":49,"33":49,"34":4,"35":53,"36":291,"37":3,"38":3,"39":50,"40":45,"41":549,"42":549,"43":1868,"44":521,"45":521,"46":14,"47":14,"48":507,"49":1347,"50":28,"51":549,"52":16,"53":16,"54":6,"55":2,"56":2,"57":2,"58":4,"59":16,"60":7,"61":6,"62":2,"63":2,"64":2,"65":2,"66":5,"67":5,"68":5,"69":5,"70":4,"71":4,"72":5,"73":1},"f":{"0":120,"1":9,"2":75,"3":629,"4":811,"5":271,"6":53,"7":45,"8":549,"9":16,"10":7,"11":5},"b":{"0":[120,84],"1":[695,1669],"2":[695,0],"3":[25,709],"4":[229,480],"5":[229,0],"6":[15,214],"7":[49,4],"8":[3,288],"9":[521,1347],"10":[14,507],"11":[28,1319],"12":[2,4],"13":[2,0],"14":[2,4],"15":[2,0],"16":[4,0]},"_coverageSchema":"332fd63041d2c1bcb487cc26dd0d5f7d97098a6c","hash":"b5d11511743525be505d16ebf187552a929ebe24","contentHash":"6259c1efae3f93b0b63d09e15966324a_11.1.0"},"/mnt/c/Users/Kyle Ady/Documents/git/Mock20/Objects/Mock20_graphic.js":{"path":"/mnt/c/Users/Kyle Ady/Documents/git/Mock20/Objects/Mock20_graphic.js","statementMap":{"0":{"start":{"line":1,"column":19},"end":{"line":1,"column":45}},"1":{"start":{"line":2,"column":0},"end":{"line":2,"column":30}},"2":{"start":{"line":6,"column":22},"end":{"line":6,"column":36}},"3":{"start":{"line":7,"column":4},"end":{"line":16,"column":5}},"4":{"start":{"line":8,"column":20},"end":{"line":8,"column":52}},"5":{"start":{"line":9,"column":6},"end":{"line":15,"column":7}},"6":{"start":{"line":10,"column":8},"end":{"line":14,"column":9}},"7":{"start":{"line":11,"column":10},"end":{"line":11,"column":40}},"8":{"start":{"line":13,"column":10},"end":{"line":13,"column":34}},"9":{"start":{"line":20,"column":20},"end":{"line":20,"column":22}},"10":{"start":{"line":21,"column":4},"end":{"line":27,"column":5}},"11":{"start":{"line":22,"column":6},"end":{"line":26,"column":7}},"12":{"start":{"line":23,"column":8},"end":{"line":23,"column":23}},"13":{"start":{"line":24,"column":8},"end":{"line":24,"column":60}},"14":{"start":{"line":24,"column":33},"end":{"line":24,"column":60}},"15":{"start":{"line":25,"column":8},"end":{"line":25,"column":25}},"16":{"start":{"line":29,"column":4},"end":{"line":29,"column":39}},"17":{"start":{"line":35,"column":15},"end":{"line":93,"column":5}},"18":{"start":{"line":94,"column":4},"end":{"line":94,"column":28}},"19":{"start":{"line":95,"column":4},"end":{"line":151,"column":6}},"20":{"start":{"line":155,"column":4},"end":{"line":170,"column":5}},"21":{"start":{"line":156,"column":6},"end":{"line":156,"column":49}},"22":{"start":{"line":157,"column":6},"end":{"line":160,"column":7}},"23":{"start":{"line":158,"column":8},"end":{"line":158,"column":98}},"24":{"start":{"line":159,"column":8},"end":{"line":159,"column":15}},"25":{"start":{"line":162,"column":22},"end":{"line":162,"column":76}},"26":{"start":{"line":163,"column":6},"end":{"line":167,"column":7}},"27":{"start":{"line":164,"column":8},"end":{"line":164,"column":35}},"28":{"start":{"line":166,"column":8},"end":{"line":166,"column":21}},"29":{"start":{"line":169,"column":6},"end":{"line":169,"column":33}},"30":{"start":{"line":174,"column":4},"end":{"line":191,"column":5}},"31":{"start":{"line":175,"column":6},"end":{"line":175,"column":49}},"32":{"start":{"line":176,"column":6},"end":{"line":179,"column":7}},"33":{"start":{"line":177,"column":8},"end":{"line":177,"column":98}},"34":{"start":{"line":178,"column":8},"end":{"line":178,"column":15}},"35":{"start":{"line":181,"column":22},"end":{"line":181,"column":76}},"36":{"start":{"line":182,"column":6},"end":{"line":186,"column":7}},"37":{"start":{"line":183,"column":8},"end":{"line":183,"column":39}},"38":{"start":{"line":185,"column":8},"end":{"line":185,"column":47}},"39":{"start":{"line":188,"column":6},"end":{"line":188,"column":55}},"40":{"start":{"line":190,"column":6},"end":{"line":190,"column":43}},"41":{"start":{"line":195,"column":0},"end":{"line":195,"column":31}}},"fnMap":{"0":{"name":"(anonymous_0)","decl":{"start":{"line":5,"column":2},"end":{"line":5,"column":3}},"loc":{"start":{"line":5,"column":19},"end":{"line":17,"column":3}},"line":5},"1":{"name":"(anonymous_1)","decl":{"start":{"line":19,"column":2},"end":{"line":19,"column":3}},"loc":{"start":{"line":19,"column":13},"end":{"line":30,"column":3}},"line":19},"2":{"name":"(anonymous_2)","decl":{"start":{"line":34,"column":2},"end":{"line":34,"column":3}},"loc":{"start":{"line":34,"column":26},"end":{"line":152,"column":3}},"line":34},"3":{"name":"(anonymous_3)","decl":{"start":{"line":154,"column":2},"end":{"line":154,"column":3}},"loc":{"start":{"line":154,"column":16},"end":{"line":171,"column":3}},"line":154},"4":{"name":"(anonymous_4)","decl":{"start":{"line":173,"column":2},"end":{"line":173,"column":3}},"loc":{"start":{"line":173,"column":26},"end":{"line":192,"column":3}},"line":173}},"branchMap":{"0":{"loc":{"start":{"line":9,"column":6},"end":{"line":15,"column":7}},"type":"if","locations":[{"start":{"line":9,"column":6},"end":{"line":15,"column":7}},{"start":{"line":9,"column":6},"end":{"line":15,"column":7}}],"line":9},"1":{"loc":{"start":{"line":10,"column":8},"end":{"line":14,"column":9}},"type":"if","locations":[{"start":{"line":10,"column":8},"end":{"line":14,"column":9}},{"start":{"line":10,"column":8},"end":{"line":14,"column":9}}],"line":10},"2":{"loc":{"start":{"line":22,"column":6},"end":{"line":26,"column":7}},"type":"if","locations":[{"start":{"line":22,"column":6},"end":{"line":26,"column":7}},{"start":{"line":22,"column":6},"end":{"line":26,"column":7}}],"line":22},"3":{"loc":{"start":{"line":22,"column":10},"end":{"line":22,"column":49}},"type":"binary-expr","locations":[{"start":{"line":22,"column":10},"end":{"line":22,"column":17}},{"start":{"line":22,"column":21},"end":{"line":22,"column":49}}],"line":22},"4":{"loc":{"start":{"line":24,"column":8},"end":{"line":24,"column":60}},"type":"if","locations":[{"start":{"line":24,"column":8},"end":{"line":24,"column":60}},{"start":{"line":24,"column":8},"end":{"line":24,"column":60}}],"line":24},"5":{"loc":{"start":{"line":155,"column":4},"end":{"line":170,"column":5}},"type":"if","locations":[{"start":{"line":155,"column":4},"end":{"line":170,"column":5}},{"start":{"line":155,"column":4},"end":{"line":170,"column":5}}],"line":155},"6":{"loc":{"start":{"line":157,"column":6},"end":{"line":160,"column":7}},"type":"if","locations":[{"start":{"line":157,"column":6},"end":{"line":160,"column":7}},{"start":{"line":157,"column":6},"end":{"line":160,"column":7}}],"line":157},"7":{"loc":{"start":{"line":163,"column":6},"end":{"line":167,"column":7}},"type":"if","locations":[{"start":{"line":163,"column":6},"end":{"line":167,"column":7}},{"start":{"line":163,"column":6},"end":{"line":167,"column":7}}],"line":163},"8":{"loc":{"start":{"line":174,"column":4},"end":{"line":191,"column":5}},"type":"if","locations":[{"start":{"line":174,"column":4},"end":{"line":191,"column":5}},{"start":{"line":174,"column":4},"end":{"line":191,"column":5}}],"line":174},"9":{"loc":{"start":{"line":176,"column":6},"end":{"line":179,"column":7}},"type":"if","locations":[{"start":{"line":176,"column":6},"end":{"line":179,"column":7}},{"start":{"line":176,"column":6},"end":{"line":179,"column":7}}],"line":176},"10":{"loc":{"start":{"line":182,"column":6},"end":{"line":186,"column":7}},"type":"if","locations":[{"start":{"line":182,"column":6},"end":{"line":186,"column":7}},{"start":{"line":182,"column":6},"end":{"line":186,"column":7}}],"line":182},"11":{"loc":{"start":{"line":182,"column":10},"end":{"line":182,"column":63}},"type":"binary-expr","locations":[{"start":{"line":182,"column":10},"end":{"line":182,"column":37}},{"start":{"line":182,"column":41},"end":{"line":182,"column":63}}],"line":182}},"s":{"0":1,"1":1,"2":6,"3":6,"4":8,"5":8,"6":5,"7":3,"8":2,"9":3,"10":3,"11":4,"12":4,"13":4,"14":3,"15":4,"16":3,"17":16,"18":16,"19":16,"20":13603,"21":4,"22":4,"23":1,"24":1,"25":3,"26":3,"27":2,"28":1,"29":13599,"30":43,"31":4,"32":4,"33":1,"34":1,"35":3,"36":3,"37":2,"38":1,"39":3,"40":39,"41":1},"f":{"0":6,"1":3,"2":16,"3":13603,"4":43},"b":{"0":[5,3],"1":[3,2],"2":[4,0],"3":[4,4],"4":[3,1],"5":[4,13599],"6":[1,3],"7":[2,1],"8":[4,39],"9":[1,3],"10":[2,1],"11":[3,2]},"_coverageSchema":"332fd63041d2c1bcb487cc26dd0d5f7d97098a6c","hash":"a0bd17f26d166892887f8eec36766b4e4bf291e3","contentHash":"85371322625035fb71126adfaf2c5d00_11.1.0"},"/mnt/c/Users/Kyle Ady/Documents/git/Mock20/Objects/Mock20_hand.js":{"path":"/mnt/c/Users/Kyle Ady/Documents/git/Mock20/Objects/Mock20_hand.js","statementMap":{"0":{"start":{"line":1,"column":19},"end":{"line":1,"column":45}},"1":{"start":{"line":5,"column":15},"end":{"line":11,"column":5}},"2":{"start":{"line":12,"column":4},"end":{"line":12,"column":28}},"3":{"start":{"line":16,"column":0},"end":{"line":16,"column":28}}},"fnMap":{"0":{"name":"(anonymous_0)","decl":{"start":{"line":4,"column":2},"end":{"line":4,"column":3}},"loc":{"start":{"line":4,"column":26},"end":{"line":13,"column":3}},"line":4}},"branchMap":{},"s":{"0":1,"1":1,"2":1,"3":1},"f":{"0":1},"b":{},"_coverageSchema":"332fd63041d2c1bcb487cc26dd0d5f7d97098a6c","hash":"d120e061a6c53a918c5a8ee7a7208f04663dd289","contentHash":"4b2ae38d507e4d2802b77ecbde0f2dfb_11.1.0"},"/mnt/c/Users/Kyle Ady/Documents/git/Mock20/Objects/Mock20_handout.js":{"path":"/mnt/c/Users/Kyle Ady/Documents/git/Mock20/Objects/Mock20_handout.js","statementMap":{"0":{"start":{"line":1,"column":22},"end":{"line":1,"column":51}},"1":{"start":{"line":5,"column":15},"end":{"line":15,"column":5}},"2":{"start":{"line":16,"column":4},"end":{"line":16,"column":28}},"3":{"start":{"line":20,"column":0},"end":{"line":20,"column":31}}},"fnMap":{"0":{"name":"(anonymous_0)","decl":{"start":{"line":4,"column":2},"end":{"line":4,"column":3}},"loc":{"start":{"line":4,"column":26},"end":{"line":17,"column":3}},"line":4}},"branchMap":{},"s":{"0":1,"1":22,"2":22,"3":1},"f":{"0":22},"b":{},"_coverageSchema":"332fd63041d2c1bcb487cc26dd0d5f7d97098a6c","hash":"536f895e3536b91efd58114f2af98ff0ab7f47a0","contentHash":"1c579906eb9bc0e0832371151e162658_11.1.0"},"/mnt/c/Users/Kyle Ady/Documents/git/Mock20/Objects/Mock20_jukeboxtrack.js":{"path":"/mnt/c/Users/Kyle Ady/Documents/git/Mock20/Objects/Mock20_jukeboxtrack.js","statementMap":{"0":{"start":{"line":1,"column":19},"end":{"line":1,"column":45}},"1":{"start":{"line":2,"column":15},"end":{"line":2,"column":61}},"2":{"start":{"line":6,"column":15},"end":{"line":14,"column":5}},"3":{"start":{"line":15,"column":4},"end":{"line":15,"column":28}},"4":{"start":{"line":19,"column":4},"end":{"line":19,"column":44}},"5":{"start":{"line":23,"column":0},"end":{"line":23,"column":36}}},"fnMap":{"0":{"name":"(anonymous_0)","decl":{"start":{"line":5,"column":2},"end":{"line":5,"column":3}},"loc":{"start":{"line":5,"column":26},"end":{"line":16,"column":3}},"line":5},"1":{"name":"(anonymous_1)","decl":{"start":{"line":18,"column":2},"end":{"line":18,"column":3}},"loc":{"start":{"line":18,"column":23},"end":{"line":20,"column":3}},"line":18}},"branchMap":{},"s":{"0":1,"1":1,"2":10,"3":10,"4":10,"5":1},"f":{"0":10,"1":10},"b":{},"_coverageSchema":"332fd63041d2c1bcb487cc26dd0d5f7d97098a6c","hash":"4c5e246cf639c20593d4f135db052e704c53f2dd","contentHash":"ab572424c5c8f5a9c188cd0b43273e1d_11.1.0"},"/mnt/c/Users/Kyle Ady/Documents/git/Mock20/Objects/Mock20_macro.js":{"path":"/mnt/c/Users/Kyle Ady/Documents/git/Mock20/Objects/Mock20_macro.js","statementMap":{"0":{"start":{"line":1,"column":19},"end":{"line":1,"column":45}},"1":{"start":{"line":5,"column":15},"end":{"line":13,"column":5}},"2":{"start":{"line":14,"column":4},"end":{"line":14,"column":28}},"3":{"start":{"line":18,"column":0},"end":{"line":18,"column":29}}},"fnMap":{"0":{"name":"(anonymous_0)","decl":{"start":{"line":4,"column":2},"end":{"line":4,"column":3}},"loc":{"start":{"line":4,"column":26},"end":{"line":15,"column":3}},"line":4}},"branchMap":{},"s":{"0":1,"1":5,"2":5,"3":1},"f":{"0":5},"b":{},"_coverageSchema":"332fd63041d2c1bcb487cc26dd0d5f7d97098a6c","hash":"cbbfe9f191374c175cd83cec75b2fe4536082986","contentHash":"23ebba290de3a9cb5af9bdd0b3bb1149_11.1.0"},"/mnt/c/Users/Kyle Ady/Documents/git/Mock20/Objects/Mock20_page.js":{"path":"/mnt/c/Users/Kyle Ady/Documents/git/Mock20/Objects/Mock20_page.js","statementMap":{"0":{"start":{"line":1,"column":19},"end":{"line":1,"column":45}},"1":{"start":{"line":5,"column":15},"end":{"line":30,"column":5}},"2":{"start":{"line":31,"column":4},"end":{"line":31,"column":28}},"3":{"start":{"line":35,"column":0},"end":{"line":35,"column":28}}},"fnMap":{"0":{"name":"(anonymous_0)","decl":{"start":{"line":4,"column":2},"end":{"line":4,"column":3}},"loc":{"start":{"line":4,"column":26},"end":{"line":32,"column":3}},"line":4}},"branchMap":{},"s":{"0":1,"1":24,"2":24,"3":1},"f":{"0":24},"b":{},"_coverageSchema":"332fd63041d2c1bcb487cc26dd0d5f7d97098a6c","hash":"09f074399aeb1ee1b9bca8070cba295df3128fd9","contentHash":"99f61f088c91c046e5f26de8254b4f47_11.1.0"},"/mnt/c/Users/Kyle Ady/Documents/git/Mock20/Objects/Mock20_path.js":{"path":"/mnt/c/Users/Kyle Ady/Documents/git/Mock20/Objects/Mock20_path.js","statementMap":{"0":{"start":{"line":1,"column":19},"end":{"line":1,"column":45}},"1":{"start":{"line":5,"column":15},"end":{"line":22,"column":5}},"2":{"start":{"line":23,"column":4},"end":{"line":23,"column":28}},"3":{"start":{"line":27,"column":0},"end":{"line":27,"column":28}}},"fnMap":{"0":{"name":"(anonymous_0)","decl":{"start":{"line":4,"column":2},"end":{"line":4,"column":3}},"loc":{"start":{"line":4,"column":26},"end":{"line":24,"column":3}},"line":4}},"branchMap":{},"s":{"0":1,"1":1,"2":1,"3":1},"f":{"0":1},"b":{},"_coverageSchema":"332fd63041d2c1bcb487cc26dd0d5f7d97098a6c","hash":"b9519620a4a0728912585ff28650505a5f29b016","contentHash":"9a1b51efd0096648dd41968198c48124_11.1.0"},"/mnt/c/Users/Kyle Ady/Documents/git/Mock20/Objects/Mock20_player.js":{"path":"/mnt/c/Users/Kyle Ady/Documents/git/Mock20/Objects/Mock20_player.js","statementMap":{"0":{"start":{"line":1,"column":15},"end":{"line":1,"column":58}},"1":{"start":{"line":2,"column":19},"end":{"line":2,"column":45}},"2":{"start":{"line":6,"column":15},"end":{"line":17,"column":5}},"3":{"start":{"line":18,"column":4},"end":{"line":18,"column":28}},"4":{"start":{"line":19,"column":4},"end":{"line":19,"column":37}},"5":{"start":{"line":23,"column":14},"end":{"line":23,"column":64}},"6":{"start":{"line":24,"column":18},"end":{"line":24,"column":31}},"7":{"start":{"line":25,"column":4},"end":{"line":25,"column":37}},"8":{"start":{"line":26,"column":4},"end":{"line":26,"column":38}},"9":{"start":{"line":30,"column":0},"end":{"line":30,"column":30}}},"fnMap":{"0":{"name":"(anonymous_0)","decl":{"start":{"line":5,"column":2},"end":{"line":5,"column":3}},"loc":{"start":{"line":5,"column":36},"end":{"line":20,"column":3}},"line":5},"1":{"name":"(anonymous_1)","decl":{"start":{"line":22,"column":2},"end":{"line":22,"column":3}},"loc":{"start":{"line":22,"column":27},"end":{"line":27,"column":3}},"line":22}},"branchMap":{"0":{"loc":{"start":{"line":23,"column":14},"end":{"line":23,"column":64}},"type":"binary-expr","locations":[{"start":{"line":23,"column":14},"end":{"line":23,"column":36}},{"start":{"line":23,"column":40},"end":{"line":23,"column":64}}],"line":23},"1":{"loc":{"start":{"line":24,"column":18},"end":{"line":24,"column":31}},"type":"binary-expr","locations":[{"start":{"line":24,"column":18},"end":{"line":24,"column":25}},{"start":{"line":24,"column":29},"end":{"line":24,"column":31}}],"line":24}},"s":{"0":1,"1":1,"2":16,"3":16,"4":16,"5":3,"6":3,"7":3,"8":3,"9":1},"f":{"0":16,"1":3},"b":{"0":[3,1],"1":[3,2]},"_coverageSchema":"332fd63041d2c1bcb487cc26dd0d5f7d97098a6c","hash":"200706dce3ed620dc6b06fb9938704a6a56d36a6","contentHash":"952f45340f426aa7d27dda78c8d74c91_11.1.0"},"/mnt/c/Users/Kyle Ady/Documents/git/Mock20/Functions/API_Chat/SendChat.js":{"path":"/mnt/c/Users/Kyle Ady/Documents/git/Mock20/Functions/API_Chat/SendChat.js","statementMap":{"0":{"start":{"line":1,"column":16},"end":{"line":1,"column":39}},"1":{"start":{"line":3,"column":0},"end":{"line":8,"column":2}},"2":{"start":{"line":4,"column":12},"end":{"line":4,"column":53}},"3":{"start":{"line":5,"column":2},"end":{"line":5,"column":35}},"4":{"start":{"line":5,"column":28},"end":{"line":5,"column":35}},"5":{"start":{"line":6,"column":2},"end":{"line":6,"column":44}},"6":{"start":{"line":6,"column":30},"end":{"line":6,"column":44}},"7":{"start":{"line":7,"column":2},"end":{"line":7,"column":37}}},"fnMap":{"0":{"name":"(anonymous_0)","decl":{"start":{"line":3,"column":17},"end":{"line":3,"column":18}},"loc":{"start":{"line":3,"column":65},"end":{"line":8,"column":1}},"line":3}},"branchMap":{"0":{"loc":{"start":{"line":5,"column":2},"end":{"line":5,"column":35}},"type":"if","locations":[{"start":{"line":5,"column":2},"end":{"line":5,"column":35}},{"start":{"line":5,"column":2},"end":{"line":5,"column":35}}],"line":5},"1":{"loc":{"start":{"line":6,"column":2},"end":{"line":6,"column":44}},"type":"if","locations":[{"start":{"line":6,"column":2},"end":{"line":6,"column":44}},{"start":{"line":6,"column":2},"end":{"line":6,"column":44}}],"line":6}},"s":{"0":1,"1":1,"2":37,"3":37,"4":2,"5":35,"6":0,"7":35},"f":{"0":37},"b":{"0":[2,35],"1":[0,35]},"_coverageSchema":"332fd63041d2c1bcb487cc26dd0d5f7d97098a6c","hash":"851a3978338745bc3a24a11bfe2234b5739da0ee","contentHash":"3356cdf957deafb1a4ade483d0525fdd_11.1.0"},"/mnt/c/Users/Kyle Ady/Documents/git/Mock20/Functions/API_Chat/Mock20_msg.js":{"path":"/mnt/c/Users/Kyle Ady/Documents/git/Mock20/Functions/API_Chat/Mock20_msg.js","statementMap":{"0":{"start":{"line":1,"column":13},"end":{"line":1,"column":47}},"1":{"start":{"line":2,"column":17},"end":{"line":2,"column":55}},"2":{"start":{"line":5,"column":4},"end":{"line":5,"column":28}},"3":{"start":{"line":6,"column":4},"end":{"line":6,"column":43}},"4":{"start":{"line":7,"column":4},"end":{"line":7,"column":27}},"5":{"start":{"line":8,"column":4},"end":{"line":8,"column":92}},"6":{"start":{"line":8,"column":53},"end":{"line":8,"column":92}},"7":{"start":{"line":12,"column":4},"end":{"line":20,"column":5}},"8":{"start":{"line":13,"column":15},"end":{"line":13,"column":51}},"9":{"start":{"line":14,"column":22},"end":{"line":14,"column":45}},"10":{"start":{"line":15,"column":6},"end":{"line":15,"column":54}},"11":{"start":{"line":15,"column":21},"end":{"line":15,"column":54}},"12":{"start":{"line":16,"column":11},"end":{"line":20,"column":5}},"13":{"start":{"line":17,"column":15},"end":{"line":17,"column":48}},"14":{"start":{"line":18,"column":19},"end":{"line":18,"column":39}},"15":{"start":{"line":19,"column":6},"end":{"line":19,"column":56}},"16":{"start":{"line":19,"column":18},"end":{"line":19,"column":56}},"17":{"start":{"line":22,"column":4},"end":{"line":22,"column":41}},"18":{"start":{"line":22,"column":19},"end":{"line":22,"column":41}},"19":{"start":{"line":23,"column":4},"end":{"line":23,"column":26}},"20":{"start":{"line":24,"column":4},"end":{"line":24,"column":71}},"21":{"start":{"line":24,"column":32},"end":{"line":24,"column":71}},"22":{"start":{"line":28,"column":4},"end":{"line":28,"column":32}},"23":{"start":{"line":29,"column":4},"end":{"line":29,"column":19}},"24":{"start":{"line":30,"column":4},"end":{"line":30,"column":49}},"25":{"start":{"line":30,"column":32},"end":{"line":30,"column":49}},"26":{"start":{"line":31,"column":4},"end":{"line":31,"column":21}},"27":{"start":{"line":32,"column":4},"end":{"line":32,"column":23}},"28":{"start":{"line":33,"column":4},"end":{"line":33,"column":54}},"29":{"start":{"line":33,"column":39},"end":{"line":33,"column":54}},"30":{"start":{"line":37,"column":4},"end":{"line":53,"column":5}},"31":{"start":{"line":38,"column":6},"end":{"line":38,"column":24}},"32":{"start":{"line":39,"column":11},"end":{"line":53,"column":5}},"33":{"start":{"line":40,"column":6},"end":{"line":40,"column":26}},"34":{"start":{"line":41,"column":11},"end":{"line":53,"column":5}},"35":{"start":{"line":42,"column":6},"end":{"line":42,"column":31}},"36":{"start":{"line":43,"column":11},"end":{"line":53,"column":5}},"37":{"start":{"line":44,"column":6},"end":{"
[...]
nd":{"line":26,"column":31}}],"line":26},"5":{"loc":{"start":{"line":28,"column":4},"end":{"line":28,"column":32}},"type":"if","locations":[{"start":{"line":28,"column":4},"end":{"line":28,"column":32}},{"start":{"line":28,"column":4},"end":{"line":28,"column":32}}],"line":28},"6":{"loc":{"start":{"line":31,"column":2},"end":{"line":31,"column":49}},"type":"if","locations":[{"start":{"line":31,"column":2},"end":{"line":31,"column":49}},{"start":{"line":31,"column":2},"end":{"line":31,"column":49}}],"line":31}},"s":{"0":1,"1":1,"2":1,"3":1,"4":4,"5":1,"6":3,"7":7,"8":2,"9":5,"10":5,"11":2,"12":3,"13":3,"14":3,"15":1,"16":3,"17":9,"18":3,"19":6,"20":6,"21":4,"22":3,"23":2,"24":3},"f":{"0":4,"1":3,"2":7},"b":{"0":[2,5],"1":[7,7],"2":[2,3],"3":[1,2],"4":[3,6],"5":[4,2],"6":[2,1]},"_coverageSchema":"332fd63041d2c1bcb487cc26dd0d5f7d97098a6c","hash":"7efa0ed473ff249a1443a668847b89e5e2ebdcec","contentHash":"10b304a182f113d2d18c9e4c3f2b5326_11.1.0"},"/mnt/c/Users/Kyle Ady/Documents/git/Mock20/Functions/API_Utility/PlayerIsGM.js":{"path":"/mnt/c/Users/Kyle Ady/Documents/git/Mock20/Functions/API_Utility/PlayerIsGM.js","statementMap":{"0":{"start":{"line":1,"column":13},"end":{"line":1,"column":47}},"1":{"start":{"line":2,"column":0},"end":{"line":2,"column":33}},"2":{"start":{"line":3,"column":0},"end":{"line":11,"column":2}},"3":{"start":{"line":4,"column":15},"end":{"line":4,"column":41}},"4":{"start":{"line":5,"column":2},"end":{"line":8,"column":3}},"5":{"start":{"line":6,"column":4},"end":{"line":6,"column":65}},"6":{"start":{"line":7,"column":4},"end":{"line":7,"column":21}},"7":{"start":{"line":10,"column":2},"end":{"line":10,"column":25}}},"fnMap":{"0":{"name":"(anonymous_0)","decl":{"start":{"line":3,"column":17},"end":{"line":3,"column":18}},"loc":{"start":{"line":3,"column":37},"end":{"line":11,"column":1}},"line":3}},"branchMap":{"0":{"loc":{"start":{"line":5,"column":2},"end":{"line":8,"column":3}},"type":"if","locations":[{"start":{"line":5,"column":2},"end":{"line":8,"column":3}},{"start":{"line":5,"column":2},"end":{"line":8,"column":3}}],"line":5}},"s":{"0":1,"1":1,"2":1,"3":6,"4":6,"5":4,"6":4,"7":2},"f":{"0":6},"b":{"0":[4,2]},"_coverageSchema":"332fd63041d2c1bcb487cc26dd0d5f7d97098a6c","hash":"7196d3c9afbf338fa8c211ff02d50c5c0ea2a323","contentHash":"bd9ec4fc2f917b37cb0fbf583c4f6fc3_11.1.0"},"/mnt/c/Users/Kyle Ady/Documents/git/Mock20/Functions/API_Utility/RandomInteger.js":{"path":"/mnt/c/Users/Kyle Ady/Documents/git/Mock20/Functions/API_Utility/RandomInteger.js","statementMap":{"0":{"start":{"line":1,"column":0},"end":{"line":1,"column":33}},"1":{"start":{"line":2,"column":0},"end":{"line":10,"column":2}},"2":{"start":{"line":3,"column":2},"end":{"line":6,"column":3}},"3":{"start":{"line":4,"column":4},"end":{"line":4,"column":62}},"4":{"start":{"line":5,"column":4},"end":{"line":5,"column":21}},"5":{"start":{"line":8,"column":2},"end":{"line":8,"column":24}},"6":{"start":{"line":9,"column":2},"end":{"line":9,"column":45}}},"fnMap":{"0":{"name":"(anonymous_0)","decl":{"start":{"line":2,"column":17},"end":{"line":2,"column":18}},"loc":{"start":{"line":2,"column":32},"end":{"line":10,"column":1}},"line":2}},"branchMap":{"0":{"loc":{"start":{"line":3,"column":2},"end":{"line":6,"column":3}},"type":"if","locations":[{"start":{"line":3,"column":2},"end":{"line":6,"column":3}},{"start":{"line":3,"column":2},"end":{"line":6,"column":3}}],"line":3},"1":{"loc":{"start":{"line":3,"column":6},"end":{"line":3,"column":39}},"type":"binary-expr","locations":[{"start":{"line":3,"column":6},"end":{"line":3,"column":28}},{"start":{"line":3,"column":32},"end":{"line":3,"column":39}}],"line":3}},"s":{"0":1,"1":1,"2":2000004,"3":4,"4":4,"5":2000000,"6":2000000},"f":{"0":2000004},"b":{"0":[4,2000000],"1":[2000004,2000001]},"_coverageSchema":"332fd63041d2c1bcb487cc26dd0d5f7d97098a6c","hash":"63817c3dc7b5b7be0fae7e8325e1518459713a97","contentHash":"8b232026e4967b486449a9898c2d69a7_11.1.0"},"/mnt/c/Users/Kyle Ady/Documents/git/Mock20/Functions/API_Utility/SendPing.js":{"path":"/mnt/c/Users/Kyle Ady/Documents/git/Mock20/Functions/API_Utility/SendPing.js","statementMap":{"0":{"start":{"line":1,"column":0},"end":{"line":3,"column":2}}},"fnMap":{"0":{"name":"(anonymous_0)","decl":{"start":{"line":1,"column":17},"end":{"line":1,"column":18}},"loc":{"start":{"line":1,"column":65},"end":{"line":3,"column":1}},"line":1}},"branchMap":{},"s":{"0":1},"f":{"0":0},"b":{},"_coverageSchema":"332fd63041d2c1bcb487cc26dd0d5f7d97098a6c","hash":"d3fa1511f1c00cf6514f4cc2b3466268f5df235b","contentHash":"3e2815a6ac65e6f806fecf74713f88c9_11.1.0"},"/mnt/c/Users/Kyle Ady/Documents/git/Mock20/Functions/API_Utility/SetDefaultTokenForCharacter.js":{"path":"/mnt/c/Users/Kyle Ady/Documents/git/Mock20/Functions/API_Utility/SetDefaultTokenForCharacter.js","statementMap":{"0":{"start":{"line":1,"column":0},"end":{"line":1,"column":33}},"1":{"start":{"line":2,"column":19},"end":{"line":2,"column":59}},"2":{"start":{"line":3,"column":0},"end":{"line":13,"column":2}},"3":{"start":{"line":4,"column":2},"end":{"line":6,"column":3}},"4":{"start":{"line":5,"column":4},"end":{"line":5,"column":80}},"5":{"start":{"line":8,"column":2},"end":{"line":10,"column":3}},"6":{"start":{"line":9,"column":4},"end":{"line":9,"column":76}},"7":{"start":{"line":12,"column":2},"end":{"line":12,"column":72}}},"fnMap":{"0":{"name":"(anonymous_0)","decl":{"start":{"line":3,"column":17},"end":{"line":3,"column":18}},"loc":{"start":{"line":3,"column":45},"end":{"line":13,"column":1}},"line":3}},"branchMap":{"0":{"loc":{"start":{"line":4,"column":2},"end":{"line":6,"column":3}},"type":"if","locations":[{"start":{"line":4,"column":2},"end":{"line":6,"column":3}},{"start":{"line":4,"column":2},"end":{"line":6,"column":3}}],"line":4},"1":{"loc":{"start":{"line":4,"column":6},"end":{"line":4,"column":89}},"type":"binary-expr","locations":[{"start":{"line":4,"column":6},"end":{"line":4,"column":48}},{"start":{"line":4,"column":52},"end":{"line":4,"column":89}}],"line":4},"2":{"loc":{"start":{"line":8,"column":2},"end":{"line":10,"column":3}},"type":"if","locations":[{"start":{"line":8,"column":2},"end":{"line":10,"column":3}},{"start":{"line":8,"column":2},"end":{"line":10,"column":3}}],"line":8},"3":{"loc":{"start":{"line":8,"column":6},"end":{"line":8,"column":79}},"type":"binary-expr","locations":[{"start":{"line":8,"column":6},"end":{"line":8,"column":44}},{"start":{"line":8,"column":48},"end":{"line":8,"column":79}}],"line":8}},"s":{"0":1,"1":1,"2":1,"3":4,"4":2,"5":2,"6":1,"7":1},"f":{"0":4},"b":{"0":[2,2],"1":[4,4],"2":[1,1],"3":[2,1]},"_coverageSchema":"332fd63041d2c1bcb487cc26dd0d5f7d97098a6c","hash":"7387c09189ea176c9bc1689dbb5a135bb2784f11","contentHash":"8fe537cdc077b0b958d9c50e962bd371_11.1.0"},"/mnt/c/Users/Kyle Ady/Documents/git/Mock20/Functions/API_Utility/SpecialEffects.js":{"path":"/mnt/c/Users/Kyle Ady/Documents/git/Mock20/Functions/API_Utility/SpecialEffects.js","statementMap":{"0":{"start":{"line":1,"column":0},"end":{"line":3,"column":2}},"1":{"start":{"line":5,"column":0},"end":{"line":7,"column":2}},"2":{"start":{"line":9,"column":0},"end":{"line":11,"column":2}}},"fnMap":{"0":{"name":"(anonymous_0)","decl":{"start":{"line":1,"column":25},"end":{"line":1,"column":26}},"loc":{"start":{"line":1,"column":55},"end":{"line":3,"column":1}},"line":1},"1":{"name":"(anonymous_1)","decl":{"start":{"line":5,"column":38},"end":{"line":5,"column":39}},"loc":{"start":{"line":5,"column":78},"end":{"line":7,"column":1}},"line":5},"2":{"name":"(anonymous_2)","decl":{"start":{"line":9,"column":39},"end":{"line":9,"column":40}},"loc":{"start":{"line":9,"column":79},"end":{"line":11,"column":1}},"line":9}},"branchMap":{},"s":{"0":1,"1":1,"2":1},"f":{"0":0,"1":0,"2":0},"b":{},"_coverageSchema":"332fd63041d2c1bcb487cc26dd0d5f7d97098a6c","hash":"a510d7731b27384287e8cff664c6af08964d8b58","contentHash":"bbf6810b2cdcd13604b7540abc8231ea_11.1.0"},"/mnt/c/Users/Kyle Ady/Documents/git/Mock20/Functions/Mock20_Setup/FolderStructure.js":{"path":"/mnt/c/Users/Kyle Ady/Documents/git/Mock20/Functions/Mock20_Setup/FolderStructure.js","statementMap":{"0":{"start":{"line":1,"column":19},"end":{"line":1,"column":59}},"1":{"start":{"line":2,"column":21},"end":{"line":2,"column":63}},"2":{"start":{"line":3,"column":11},"end":{"line":3,"column":47}},"3":{"start":{"line":4,"column":15},"end":{"line":4,"column":51}},"4":{"start":{"line":5,"column":0},"end":{"line":5,"column":33}},"5":{"start":{"line":6,"column":0},"end":{"line":8,"column":2}},"6":{"start":{"line":7,"column":2},"end":{"line":7,"column":42}},"7":{"start":{"line":10,"column":0},"end":{"line":12,"column":2}},"8":{"start":{"line":11,"column":2},"end":{"line":11,"column":42}},"9":{"start":{"line":14,"column":0},"end":{"line":16,"column":2}},"10":{"start":{"line":15,"column":2},"end":{"line":15,"column":72}},"11":{"start":{"line":18,"column":0},"end":{"line":20,"column":2}},"12":{"start":{"line":19,"column":2},"end":{"line":19,"column":72}},"13":{"start":{"line":23,"column":2},"end":{"line":23,"column":26}},"14":{"start":{"line":24,"column":14},"end":{"line":24,"column":64}},"15":{"start":{"line":25,"column":19},"end":{"line":25,"column":40}},"16":{"start":{"line":26,"column":2},"end":{"line":26,"column":109}},"17":{"start":{"line":26,"column":58},"end":{"line":26,"column":109}},"18":{"start":{"line":27,"column":2},"end":{"line":27,"column":33}},"19":{"start":{"line":27,"column":26},"end":{"line":27,"column":33}},"20":{"start":{"line":29,"column":2},"end":{"line":29,"column":70}},"21":{"start":{"line":29,"column":29},"end":{"line":29,"column":70}},"22":{"start":{"line":30,"column":2},"end":{"line":35,"column":3}},"23":{"start":{"line":31,"column":17},"end":{"line":31,"column":27}},"24":{"start":{"line":33,"column":4},"end":{"line":33,"column":100}},"25":{"start":{"line":33,"column":47},"end":{"line":33,"column":100}},"26":{"start":{"line":34,"column":17},"end":{"line":34,"column":41}},"27":{"start":{"line":36,"column":2},"end":{"line":36,"column":150}},"28":{"start":{"line":36,"column":68},"end":{"line":36,"column":150}},"29":{"start":{"line":37,"column":2},"end":{"line":38,"column":128}},"30":{"start":{"line":38,"column":57},"end":{"line":38,"column":128}},"31":{"start":{"line":39,"column":2},"end":{"line":39,"column":33}},"32":{"start":{"line":40,"column":2},"end":{"line":40,"column":33}},"33":{"start":{"line":41,"column":2},"end":{"line":41,"column":40}}},"fnMap":{"0":{"name":"(anonymous_0)","decl":{"start":{"line":6,"column":36},"end":{"line":6,"column":37}},"loc":{"start":{"line":6,"column":62},"end":{"line":8,"column":1}},"line":6},"1":{"name":"(anonymous_1)","decl":{"start":{"line":10,"column":44},"end":{"line":10,"column":45}},"loc":{"start":{"line":10,"column":70},"end":{"line":12,"column":1}},"line":10},"2":{"name":"(anonymous_2)","decl":{"start":{"line":14,"column":38},"end":{"line":14,"column":39}},"loc":{"start":{"line":14,"column":64},"end":{"line":16,"column":1}},"line":14},"3":{"name":"(anonymous_3)","decl":{"start":{"line":18,"column":46},"end":{"line":18,"column":47}},"loc":{"start":{"line":18,"column":72},"end":{"line":20,"column":1}},"line":18},"4":{"name":"moveToFolder","decl":{"start":{"line":22,"column":9},"end":{"line":22,"column":21}},"loc":{"start":{"line":22,"column":63},"end":{"line":42,"column":1}},"line":22}},"branchMap":{"0":{"loc":{"start":{"line":23,"column":9},"end":{"line":23,"column":25}},"type":"binary-expr","locations":[{"start":{"line":23,"column":9},"end":{"line":23,"column":13}},{"start":{"line":23,"column":17},"end":{"line":23,"column":25}}],"line":23},"1":{"loc":{"start":{"line":24,"column":14},"end":{"line":24,"column":64}},"type":"cond-expr","locations":[{"start":{"line":24,"column":35},"end":{"line":24,"column":47}},{"start":{"line":24,"column":50},"end":{"line":24,"column":64}}],"line":24},"2":{"loc":{"start":{"line":26,"column":2},"end":{"line":26,"column":109}},"type":"if","locations":[{"start":{"line":26,"column":2},"end":{"line":26,"column":109}},{"start":{"line":26,"column":2},"end":{"line":26,"column":109}}],"line":26},"3":{"loc":{"start":{"line":26,"column":5},"end":{"line":26,"column":56}},"type":"binary-expr","locations":[{"start":{"line":26,"column":5},"end":{"line":26,"column":28}},{"start":{"line":26,"column":32},"end":{"line":26,"column":56}}],"line":26},"4":{"loc":{"start":{"line":27,"column":2},"end":{"line":27,"column":33}},"type":"if","locations":[{"start":{"line":27,"column":2},"end":{"line":27,"column":33}},{"start":{"line":27,"column":2},"end":{"line":27,"column":33}}],"line":27},"5":{"loc":{"start":{"line":29,"column":2},"end":{"line":29,"column":70}},"type":"if","locations":[{"start":{"line":29,"column":2},"end":{"line":29,"column":70}},{"start":{"line":29,"column":2},"end":{"line":29,"column":70}}],"line":29},"6":{"loc":{"start":{"line":29,"column":6},"end":{"line":29,"column":27}},"type":"binary-expr","locations":[{"start":{"line":29,"column":6},"end":{"line":29,"column":15}},{"start":{"line":29,"column":19},"end":{"line":29,"column":27}}],"line":29},"7":{"loc":{"start":{"line":30,"column":2},"end":{"line":35,"column":3}},"type":"if","locations":[{"start":{"line":30,"column":2},"end":{"line":35,"column":3}},{"start":{"line":30,"column":2},"end":{"line":35,"column":3}}],"line":30},"8":{"loc":{"start":{"line":33,"column":4},"end":{"line":33,"column":100}},"type":"if","locations":[{"start":{"line":33,"column":4},"end":{"line":33,"column":100}},{"start":{"line":33,"column":4},"end":{"line":33,"column":100}}],"line":33},"9":{"loc":{"start":{"line":33,"column":7},"end":{"line":33,"column":45}},"type":"binary-expr","locations":[{"start":{"line":33,"column":7},"end":{"line":33,"column":16}},{"start":{"line":33,"column":20},"end":{"line":33,"column":45}}],"line":33},"10":{"loc":{"start":{"line":36,"column":2},"end":{"line":36,"column":150}},"type":"if","locations":[{"start":{"line":36,"column":2},"end":{"line":36,"column":150}},{"start":{"line":36,"column":2},"end":{"line":36,"column":150}}],"line":36},"11":{"loc":{"start":{"line":36,"column":5},"end":{"line":36,"column":66}},"type":"binary-expr","locations":[{"start":{"line":36,"column":5},"end":{"line":36,"column":36}},{"start":{"line":36,"column":40},"end":{"line":36,"column":66}}],"line":36},"12":{"loc":{"start":{"line":37,"column":2},"end":{"line":38,"column":128}},"type":"if","locations":[{"start":{"line":37,"column":2},"end":{"line":38,"column":128}},{"start":{"line":37,"column":2},"end":{"line":38,"column":128}}],"line":37},"13":{"loc":{"start":{"line":37,"column":5},"end":{"line":38,"column":55}},"type":"binary-expr","locations":[{"start":{"line":37,"column":5},"end":{"line":37,"column":30}},{"start":{"line":38,"column":6},"end":{"line":38,"column":26}},{"start":{"line":38,"column":30},"end":{"line":38,"column":54}}],"line":37}},"s":{"0":1,"1":1,"2":1,"3":1,"4":1,"5":1,"6":35,"7":1,"8":8,"9":1,"10":8,"11":1,"12":2,"13":53,"14":53,"15":53,"16":53,"17":3,"18":50,"19":3,"20":47,"21":7,"22":47,"23":4,"24":43,"25":4,"26":39,"27":43,"28":2,"29":41,"30":4,"31":37,"32":37,"33":37},"f":{"0":35,"1":8,"2":8,"3":2,"4":53},"b":{"0":[53,43],"1":[43,10],"2":[3,50],"3":[53,51],"4":[3,47],"5":[7,40],"6":[47,7],"7":[4,43],"8":[4,39],"9":[43,40],"10":[2,41],"11":[43,3],"12":[4,37],"13":[41,13,11]},"_coverageSchema":"332fd63041d2c1bcb487cc26dd0d5f7d97098a6c","hash":"942ba50c448cdbb13e7344ee35047b165d554603","contentHash":"cef42d3c945e41e1d19ea870ab8c7fcd_11.1.0"},"/mnt/c/Users/Kyle Ady/Documents/git/Mock20/Functions/Mock20_Setup/SortFolder.js":{"path":"/mnt/c/Users/Kyle Ady/Documents/git/Mock20/Functions/Mock20_Setup/SortFolder.js","statementMap":{"0":{"start":{"line":1,"column":19},"end":{"line":1,"column":59}},"1":{"start":{"line":2,"column":21},"end":{"line":2,"column":63}},"2":{"start":{"line":3,"column":11},"end":{"line":3,"column":47}},"3":{"start":{"line":5,"column":0},"end":{"line":41,"column":2}},"4":{"start":{"line":6,"column":2},"end":{"line":6,"column":54}},"5":{"start":{"line":6,"column":47},"end":{"line":6,"column":54}},"6":{"start":{"line":7,"column":13},"end":{"line":7,"column":15}},"7":{"start":{"line":8,"column":2},"end":{"line":11,"column":3}},"8":{"start":{"line":9,"column":14},"end":{"line":9,"column":44}},"9":{"start":{"line":10,"column":4},"end":{"line":10,"column":28}},"10":{"start":{"line":10,"column":13},"end":{"line":10,"column":28}},"11":{"start":{"line":13,"column":2},"end":{"line":33,"column":5}},"12":{"start":{"line":14,"column":14},"end":{"line":14,"column":28}},"13":{"start":{"line":15,"column":15},"end":{"line":15,"column":17}},"14":{"start":{"line":16,"column":4},"end":{"line":24,"column":7}},"15":{"start":{"line":17,"column":6},"end":{"line":23,"column":7}},"16":{"start":{"line":18,"column":8},"end":{"line":18,"column":34}},"17":{"start":{"line":19,"column":13},"end":{"line":23,"column":7}},"18":{"start":{"line":20,"column":8},"end":{"line":20,"column":38}},"19":{"start":{"line":22,"column":8},"end":{"line":22,"column":37}},"20":{"start":{"line":26,"column":4},"end":{"line":32,"column":5}},"21":{"start":{"line":27,"column":6},"end":{"line":27,"column":16}},"22":{"start":{"line":28,"column":11},"end":{"line":32,"column":5}},"23":{"start":{"line":29,"column":6},"end":{"line":29,"column":15}},"24":{"start":{"line":31,"column":6},"end":{"line":31,"column":15}},"25":{"start":{"line":35,"column":2},"end":{"line":35,"column":28}},"26":{"start":{"line":36,"column":2},"end":{"line":38,"column":3}},"27":{"start":{"line":37,"column":4},"end":{"line":37,"column":25}},"28":{"start":{"line":40,"column":2},"end":{"line":40,"column":24}}},"fnMap":{"0":{"name":"(anonymous_0)","decl":{"start":{"line":5,"column":17},"end":{"line":5,"column":18}},"loc":{"start":{"line":5,"column":35},"end":{"line":41,"column":1}},"line":5},"1":{"name":"(anonymous_1)","decl":{"start":{"line":13,"column":12},"end":{"line":13,"column":13}},"loc":{"start":{"line":13,"column":28},"end":{"line":33,"column":3}},"line":13},"2":{"name":"(anonymous_2)","decl":{"start":{"line":16,"column":23},"end":{"line":16,"column":24}},"loc":{"start":{"line":16,"column":36},"end":{"line":24,"column":5}},"line":16}},"branchMap":{"0":{"loc":{"start":{"line":6,"column":2},"end":{"line":6,"column":54}},"type":"if","locations":[{"start":{"line":6,"column":2},"end":{"line":6,"column":54}},{"start":{"line":6,"column":2},"end":{"line":6,"column":54}}],"line":6},"1":{"loc":{"start":{"line":10,"column":4},"end":{"line":10,"column":28}},"type":"if","locations":[{"start":{"line":10,"column":4},"end":{"line":10,"column":28}},{"start":{"line":10,"column":4},"end":{"line":10,"column":28}}],"line":10},"2":{"loc":{"start":{"line":17,"column":6},"end":{"line":23,"column":7}},"type":"if","locations":[{"start":{"line":17,"column":6},"end":{"line":23,"column":7}},{"start":{"line":17,"column":6},"end":{"line":23,"column":7}}],"line":17},"3":{"loc":{"start":{"line":19,"column":13},"end":{"line":23,"column":7}},"type":"if","locations":[{"start":{"line":19,"column":13},"end":{"line":23,"column":7}},{"start":{"line":19,"column":13},"end":{"line":23,"column":7}}],"line":19},"4":{"loc":{"start":{"line":26,"column":4},"end":{"line":32,"column":5}},"type":"if","locations":[{"start":{"line":26,"column":4},"end":{"line":32,"column":5}},{"start":{"line":26,"column":4},"end":{"line":32,"column":5}}],"line":26},"5":{"loc":{"start":{"line":28,"column":11},"end":{"line":32,"column":5}},"type":"if","locations":[{"start":{"line":28,"column":11},"end":{"line":32,"column":5}},{"start":{"line":28,"column":11},"end":{"line":32,"column":5}}],"line":28}},"s":{"0":1,"1":1,"2":1,"3":1,"4":7,"5":3,"6":4,"7":4,"8":12,"9":12,"10":12,"11":4,"12":15,"13":15,"14":15,"15":30,"16":8,"17":22,"18":4,"19":18,"20":15,"21":4,"22":11,"23":10,"24":1,"25":4,"26":4,"27":12,"28":4},"f":{"0":7,"1":15,"2":30},"b":{"0":[3,4],"1":[12,0],"2":[8,22],"3":[4,18],"4":[4,11],"5":[10,1]},"_coverageSchema":"332fd63041d2c1bcb487cc26dd0d5f7d97098a6c","hash":"b05fff85949d7445843e5b8019f669e2222fcf40","contentHash":"562a658e4aaffdfb7a56e9945737c837_11.1.0"}}